FASTA-Reader: Ignoring invalid residues at position(s): On line 4: 230
FASTA-Reader: Ignoring invalid residues at position(s): On line 10: 88
FASTA-Reader: Ignoring invalid residues at position(s): On line 18: 176
FASTA-Reader: Ignoring invalid residues at position(s): On line 28: 87
FASTA-Reader: Ignoring invalid residues at position(s): On line 30: 200
FASTA-Reader: Ignoring invalid residues at position(s): On line 38: 84
FASTA-Reader: Ignoring invalid residues at position(s): On line 42: 234
FASTA-Reader: Ignoring invalid residues at position(s): On line 64: 146, 229
FASTA-Reader: Ignoring invalid residues at position(s): On line 66: 90
FASTA-Reader: Ignoring invalid residues at position(s): On line 90: 199
FASTA-Reader: Ignoring invalid residues at position(s): On line 96: 139, 176, 265
FASTA-Reader: Ignoring invalid residues at position(s): On line 98: 98
FASTA-Reader: Ignoring invalid residues at position(s): On line 102: 255
FASTA-Reader: Ignoring invalid residues at position(s): On line 106: 235
FASTA-Reader: Ignoring invalid residues at position(s): On line 118: 157
FASTA-Reader: Ignoring invalid residues at position(s): On line 126: 121
FASTA-Reader: Ignoring invalid residues at position(s): On line 128: 38
FASTA-Reader: Ignoring invalid residues at position(s): On line 146: 232
FASTA-Reader: Ignoring invalid residues at position(s): On line 148: 30
FASTA-Reader: Ignoring invalid residues at position(s): On line 150: 223
FASTA-Reader: Ignoring invalid residues at position(s): On line 152: 218
FASTA-Reader: Ignoring invalid residues at position(s): On line 174: 234
FASTA-Reader: Ignoring invalid residues at position(s): On line 176: 78
FASTA-Reader: Ignoring invalid residues at position(s): On line 256: 218
FASTA-Reader: Ignoring invalid residues at position(s): On line 326: 229-231
FASTA-Reader: Ignoring invalid residues at position(s): On line 394: 96
FASTA-Reader: Ignoring invalid residues at position(s): On line 518: 158, 241
FASTA-Reader: Ignoring invalid residues at position(s): On line 522: 104, 113, 125
FASTA-Reader: Ignoring invalid residues at position(s): On line 524: 83
FASTA-Reader: Ignoring invalid residues at position(s): On line 526: 45, 74, 100, 131
FASTA-Reader: Ignoring invalid residues at position(s): On line 528: 70
FASTA-Reader: Ignoring invalid residues at position(s): On line 532: 170
