================================================================
Program: CD-HIT, V4.5.4, Oct 16 2012, 12:44:24
Command: cd-hit-est -i
         American_flamingo_bitter_expanded_nucleotide_v1.fasta
         -o
         American_flamingo_bitter_expanded_nucleotide_v11.0.fasta
         -c 1.0

Started: Mon Jul 29 15:41:14 2024
================================================================
                            Output                              
----------------------------------------------------------------
total seq: 68
longest and shortest : 951 and 861
Total letters: 64527
Sequences have been sorted

Approximated minimal memory consumption:
Sequence        : 0M
Buffer          : 1 X 12M = 12M
Table           : 1 X 16M = 16M
Miscellaneous   : 4M
Total           : 33M

Table limit with the given memory limit:
Max number of representatives: 4194304
Max number of word counting entries: 95838551

comparing sequences from          0  to         68

       68  finished          2  clusters

Apprixmated maximum memory consumption: 33M
writing new database
writing clustering information
program completed !

Total CPU time 0
================================================================
Program: CD-HIT, V4.5.4, Oct 16 2012, 12:44:24
Command: cd-hit -i
         American_flamingo_bitter_expanded_protein_v1.fasta -o
         for_blastR.fasta -c 1.0

Started: Mon Jul 29 15:41:14 2024
================================================================
                            Output                              
----------------------------------------------------------------
total seq: 68
longest and shortest : 317 and 287
Total letters: 21509
Sequences have been sorted

Approximated minimal memory consumption:
Sequence        : 0M
Buffer          : 1 X 10M = 10M
Table           : 1 X 65M = 65M
Miscellaneous   : 0M
Total           : 75M

Table limit with the given memory limit:
Max number of representatives: 4194304
Max number of word counting entries: 90508087

comparing sequences from          0  to         68

       68  finished          1  clusters

Apprixmated maximum memory consumption: 75M
writing new database
writing clustering information
program completed !

Total CPU time 0
(909, 13) is shape of master_list from pickle
909 is length of expanded
1500
The file exists.
Success
234
