================================================================
Program: CD-HIT, V4.5.4, Oct 16 2012, 12:44:24
Command: cd-hit -i American_flamingo_reciprocal_expanded.fasta
         -o American_flamingo_reciprocal_cdhit_1.fasta -c 1

Started: Mon Jul 29 13:41:09 2024
================================================================
                            Output                              
----------------------------------------------------------------
total seq: 3
longest and shortest : 313 and 285
Total letters: 903
Sequences have been sorted

Approximated minimal memory consumption:
Sequence        : 0M
Buffer          : 1 X 10M = 10M
Table           : 1 X 65M = 65M
Miscellaneous   : 0M
Total           : 75M

Table limit with the given memory limit:
Max number of representatives: 4194304
Max number of word counting entries: 90512125

comparing sequences from          0  to          3

        3  finished          3  clusters

Apprixmated maximum memory consumption: 75M
writing new database
writing clustering information
program completed !

Total CPU time 0
checkpoint -1
checkpoint 0
['American_flamingo_CM020217.1:121792898-121793851-1--1', 'American_flamingo_CM020217.1:121792898-121793851-1--1', 'American_flamingo_CM020217.1:121792898-121793851-1-1', 'American_flamingo_CM020217.1:121792898-121793851-1-1']
0    American_flamingo_CM020217.1:121792898-1217938...
1    American_flamingo_CM020217.1:121792898-1217938...
2    American_flamingo_CM020217.1:121792898-1217938...
3    American_flamingo_CM020217.1:121792898-1217938...
Name: query, dtype: object
['>American_flamingo_CM020217.1:121792898-121793851-1--1\n', '>American_flamingo_CM020217.1:121792898-121793851-1--1\n', '>American_flamingo_CM020217.1:121792898-121793851-1-1\n']
['American_flamingo', 'American_flamingo', 'American_flamingo']
(3, 15)
0    American_flamingo_CM020217.1:121792898-1217938...
Name: query, dtype: object
American_flamingo_CM020217.1:12179289821793851
American_flamingo_CM020217.1:12179289821793851
(1, 11)
(0, 11)
