
        ==========     _____ _    _ ____  _____  ______          _____  
        =====         / ____| |  | |  _ \|  __ \|  ____|   /\   |  __ \ 
          =====      | (___ | |  | | |_) | |__) | |__     /  \  | |  | |
            ====      \___ \| |  | |  _ <|  _  /|  __|   / /\ \ | |  | |
              ====    ____) | |__| | |_) | | \ \| |____ / ____ \| |__| |
        ==========   |_____/ \____/|____/|_|  \_\______/_/    \_\_____/
	  v2.0.1

//========================== featureCounts setting ===========================\\
||                                                                            ||
||             Input files : 1 BAM file                                       ||
||                           o 430_S22_L002Aligned.sortedByCoord.out.bam      ||
||                                                                            ||
||             Output file : 430_S22_L002_fc.tsv                              ||
||                 Summary : 430_S22_L002_fc.tsv.summary                      ||
||              Annotation : xenopus_from_pipeline.gtf (GTF)                  ||
||      Dir for temp files : ../../results/expression/xenopus_mini/xenopu ... ||
||                                                                            ||
||                 Threads : 1                                                ||
||                   Level : meta-feature level                               ||
||              Paired-end : no                                               ||
||      Multimapping reads : not counted                                      ||
|| Multi-overlapping reads : not counted                                      ||
||   Min overlapping bases : 1                                                ||
||                                                                            ||
\\============================================================================//

//================================= Running ==================================\\
||                                                                            ||
|| Load annotation file xenopus_from_pipeline.gtf ...                         ||
||    Features : 50                                                           ||
||    Meta-features : 50                                                      ||
||    Chromosomes/contigs : 5                                                 ||
||                                                                            ||
|| Process BAM file 430_S22_L002Aligned.sortedByCoord.out.bam...              ||
||    WARNING: Paired-end reads were found.                                   ||
||    Total alignments : 223707600                                            ||
||    Successfully assigned alignments : 2134 (0.0%)                          ||
||    Running time : 4.23 minutes                                             ||
||                                                                            ||
|| Write the final count table.                                               ||
|| Write the read assignment summary.                                         ||
||                                                                            ||
|| Summary of counting results can be found in file "../../results/expressio  ||
|| n/xenopus_mini/xenopus_FC_mini//430_S22_L002_fc.tsv.summary"               ||
||                                                                            ||
\\============================================================================//

