================================================================
Program: CD-HIT, V4.5.4, Oct 16 2012, 12:44:24
Command: cd-hit -i birds_reciprocal_expanded.fasta -o
         birds_reciprocal_cdhit_1.fasta -c 1

Started: Sun Jul 28 16:00:54 2024
================================================================
                            Output                              
----------------------------------------------------------------
total seq: 42
longest and shortest : 318 and 211
Total letters: 12478
Sequences have been sorted

Approximated minimal memory consumption:
Sequence        : 0M
Buffer          : 1 X 10M = 10M
Table           : 1 X 65M = 65M
Miscellaneous   : 0M
Total           : 75M

Table limit with the given memory limit:
Max number of representatives: 4194304
Max number of word counting entries: 90509733

comparing sequences from          0  to         42

       42  finished          6  clusters

Apprixmated maximum memory consumption: 75M
writing new database
writing clustering information
program completed !

Total CPU time 0
checkpoint -1
checkpoint 0
['birds_CM051184.1:32907036-32907971--1--1', 'birds_CM051184.1:32907036-32907971--1-1', 'birds_CM051184.1:32907036-32907971--1--1', 'birds_CM051184.1:32907036-32907971--1--1', 'birds_CM051184.1:32907036-32907971--1--1', 'birds_CM051184.1:32900559-32901518--1--1', 'birds_CM051184.1:32900559-32901518--1-1', 'birds_CM051184.1:32900559-32901518--1--1', 'birds_CM051184.1:32900559-32901518--1-1', 'birds_CM051184.1:32900559-32901518--1--1', 'birds_CM051184.1:32893796-32894731--1--1', 'birds_CM051184.1:32893796-32894731--1-1', 'birds_CM051184.1:32893796-32894731--1--1', 'birds_CM051184.1:32893796-32894731--1-1', 'birds_CM051184.1:32893796-32894731--1--1', 'birds_CM051184.1:36941611-36942576--1-1', 'birds_CM051184.1:36941611-36942576--1--1', 'birds_CM051184.1:36941611-36942576--1--1', 'birds_CM051185.1:112125132-112126085-1--1', 'birds_CM051185.1:112125132-112126085-1-1']
0      birds_CM051184.1:32907036-32907971--1--1
1       birds_CM051184.1:32907036-32907971--1-1
2      birds_CM051184.1:32907036-32907971--1--1
3      birds_CM051184.1:32907036-32907971--1--1
4      birds_CM051184.1:32907036-32907971--1--1
5      birds_CM051184.1:32900559-32901518--1--1
6       birds_CM051184.1:32900559-32901518--1-1
7      birds_CM051184.1:32900559-32901518--1--1
8       birds_CM051184.1:32900559-32901518--1-1
9      birds_CM051184.1:32900559-32901518--1--1
10     birds_CM051184.1:32893796-32894731--1--1
11      birds_CM051184.1:32893796-32894731--1-1
12     birds_CM051184.1:32893796-32894731--1--1
13      birds_CM051184.1:32893796-32894731--1-1
14     birds_CM051184.1:32893796-32894731--1--1
15      birds_CM051184.1:36941611-36942576--1-1
16     birds_CM051184.1:36941611-36942576--1--1
17     birds_CM051184.1:36941611-36942576--1--1
18    birds_CM051185.1:112125132-112126085-1--1
19     birds_CM051185.1:112125132-112126085-1-1
Name: query, dtype: object
['>birds_CM051184.1:32907036-32907971--1-1\n', '>birds_CM051184.1:32900559-32901518--1--1\n', '>birds_CM051184.1:32900559-32901518--1-1\n', '>birds_CM051184.1:36941611-36942576--1--1\n', '>birds_CM051185.1:112146025-112146978-1--1\n']
['birds_CM051184.1:32907036-32907971--1-1', 'birds_CM051184.1:32900559-32901518--1--1', 'birds_CM051184.1:32900559-32901518--1-1', 'birds_CM051184.1:36941611-36942576--1--1', 'birds_CM051185.1:112146025-112146978-1--1']
(42, 15)
459      birds_CM051184.1:32893796-32894731--1
458      birds_CM051184.1:32900559-32901518--1
162      birds_CM051184.1:32907036-32907971--1
929      birds_CM051184.1:36941611-36942576--1
2409    birds_CM051185.1:112106238-112107191-1
1633    birds_CM051185.1:112112251-112113204-1
1256    birds_CM051185.1:112116862-112117815-1
1184    birds_CM051185.1:112125132-112126085-1
1949    birds_CM051185.1:112135456-112136409-1
2775    birds_CM051185.1:112146025-112146978-1
3061    birds_CM051185.1:112150344-112151297-1
2952    birds_CM051185.1:112153377-112154336-1
1899     birds_CM051185.1:73551655-73552608--1
2262     birds_CM051185.1:73557753-73558706--1
Name: query, dtype: object
birds_CM051184.1:32893796-32894731
birds_CM051184.1:32907036-32907971
(14, 11)
(0, 11)
