                                 Started job on |	Jul 27 17:55:05
                             Started mapping on |	Jul 27 17:55:40
                                    Finished on |	Jul 27 19:20:07
       Mapping speed, Million of reads per hour |	74.46

                          Number of input reads |	104799072
                      Average input read length |	284
                                    UNIQUE READS:
                   Uniquely mapped reads number |	96607891
                        Uniquely mapped reads % |	92.18%
                          Average mapped length |	275.98
                       Number of splices: Total |	112208591
            Number of splices: Annotated (sjdb) |	0
                       Number of splices: GT/AG |	111220239
                       Number of splices: GC/AG |	458462
                       Number of splices: AT/AC |	30284
               Number of splices: Non-canonical |	499606
                      Mismatch rate per base, % |	0.48%
                         Deletion rate per base |	0.02%
                        Deletion average length |	2.53
                        Insertion rate per base |	0.02%
                       Insertion average length |	2.29
                             MULTI-MAPPING READS:
        Number of reads mapped to multiple loci |	2955348
             % of reads mapped to multiple loci |	2.82%
        Number of reads mapped to too many loci |	1152991
             % of reads mapped to too many loci |	1.10%
                                  UNMAPPED READS:
  Number of reads unmapped: too many mismatches |	0
       % of reads unmapped: too many mismatches |	0.00%
            Number of reads unmapped: too short |	3509206
                 % of reads unmapped: too short |	3.35%
                Number of reads unmapped: other |	573636
                     % of reads unmapped: other |	0.55%
                                  CHIMERIC READS:
                       Number of chimeric reads |	0
                            % of chimeric reads |	0.00%
