STAR version=2.7.1a
STAR compilation time,server,dir=Tue May 14 12:14:27 EDT 2019 vega:/home/dobin/data/STAR/STARcode/STAR.master/source
##### DEFAULT parameters:
versionGenome                     2.7.1a
parametersFiles                   -   
sysShell                          -
runMode                           alignReads
runThreadN                        1
runDirPerm                        User_RWX
runRNGseed                        777
genomeDir                         ./GenomeDir/
genomeLoad                        NoSharedMemory
genomeFastaFiles                  -   
genomeChainFiles                  -   
genomeSAindexNbases               14
genomeChrBinNbits                 18
genomeSAsparseD                   1
genomeSuffixLengthMax             18446744073709551615
genomeFileSizes                   0   
genomeConsensusFile               -
readFilesType                     Fastx   
readFilesIn                       Read1   Read2   
readFilesPrefix                   -
readFilesCommand                  -   
readMatesLengthsIn                NotEqual
readMapNumber                     18446744073709551615
readNameSeparator                 /   
inputBAMfile                      -
bamRemoveDuplicatesType           -
bamRemoveDuplicatesMate2basesN    0
limitGenomeGenerateRAM            31000000000
limitIObufferSize                 150000000
limitOutSAMoneReadBytes           100000
limitOutSJcollapsed               1000000
limitOutSJoneRead                 1000
limitBAMsortRAM                   0
limitSjdbInsertNsj                1000000
limitNreadsSoft                   18446744073709551615
outTmpDir                         -
outTmpKeep                        None
outStd                            Log
outReadsUnmapped                  None
outQSconversionAdd                0
outMultimapperOrder               Old_2.4
outSAMtype                        SAM   
outSAMmode                        Full
outSAMstrandField                 None
outSAMattributes                  Standard   
outSAMunmapped                    None   
outSAMorder                       Paired
outSAMprimaryFlag                 OneBestScore
outSAMreadID                      Standard
outSAMmapqUnique                  255
outSAMflagOR                      0
outSAMflagAND                     65535
outSAMattrRGline                  -   
outSAMheaderHD                    -   
outSAMheaderPG                    -   
outSAMheaderCommentFile           -
outBAMcompression                 1
outBAMsortingThreadN              0
outBAMsortingBinsN                50
outSAMfilter                      None   
outSAMmultNmax                    18446744073709551615
outSAMattrIHstart                 1
outSAMtlen                        1
outSJfilterReads                  All
outSJfilterCountUniqueMin         3   1   1   1   
outSJfilterCountTotalMin          3   1   1   1   
outSJfilterOverhangMin            30   12   12   12   
outSJfilterDistToOtherSJmin       10   0   5   10   
outSJfilterIntronMaxVsReadN       50000   100000   200000   
outWigType                        None   
outWigStrand                      Stranded   
outWigReferencesPrefix            -
outWigNorm                        RPM   
outFilterType                     Normal
outFilterMultimapNmax             10
outFilterMultimapScoreRange       1
outFilterScoreMin                 0
outFilterScoreMinOverLread        0.66
outFilterMatchNmin                0
outFilterMatchNminOverLread       0.66
outFilterMismatchNmax             10
outFilterMismatchNoverLmax        0.3
outFilterMismatchNoverReadLmax    1
outFilterIntronMotifs             None
outFilterIntronStrands            RemoveInconsistentStrands
clip5pNbases                      0   
clip3pNbases                      0   
clip3pAfterAdapterNbases          0   
clip3pAdapterSeq                  -   
clip3pAdapterMMp                  0.1   
winBinNbits                       16
winAnchorDistNbins                9
winFlankNbins                     4
winAnchorMultimapNmax             50
winReadCoverageRelativeMin        0.5
winReadCoverageBasesMin           0
scoreGap                          0
scoreGapNoncan                    -8
scoreGapGCAG                      -4
scoreGapATAC                      -8
scoreStitchSJshift                1
scoreGenomicLengthLog2scale       -0.25
scoreDelBase                      -2
scoreDelOpen                      -2
scoreInsOpen                      -2
scoreInsBase                      -2
seedSearchLmax                    0
seedSearchStartLmax               50
seedSearchStartLmaxOverLread      1
seedPerReadNmax                   1000
seedPerWindowNmax                 50
seedNoneLociPerWindow             10
seedMultimapNmax                  10000
seedSplitMin                      12
alignIntronMin                    21
alignIntronMax                    0
alignMatesGapMax                  0
alignTranscriptsPerReadNmax       10000
alignSJoverhangMin                5
alignSJDBoverhangMin              3
alignSJstitchMismatchNmax         0   -1   0   0   
alignSplicedMateMapLmin           0
alignSplicedMateMapLminOverLmate    0.66
alignWindowsPerReadNmax           10000
alignTranscriptsPerWindowNmax     100
alignEndsType                     Local
alignSoftClipAtReferenceEnds      Yes
alignEndsProtrude                 0   ConcordantPair   
alignInsertionFlush               None
peOverlapNbasesMin                0
peOverlapMMp                      0.01
chimSegmentMin                    0
chimScoreMin                      0
chimScoreDropMax                  20
chimScoreSeparation               10
chimScoreJunctionNonGTAG          -1
chimMainSegmentMultNmax           10
chimJunctionOverhangMin           20
chimOutType                       Junctions   
chimFilter                        banGenomicN   
chimSegmentReadGapMax             0
chimMultimapNmax                  0
chimMultimapScoreRange            1
chimNonchimScoreDropMin           20
chimOutJunctionFormat             0   
sjdbFileChrStartEnd               -   
sjdbGTFfile                       -
sjdbGTFchrPrefix                  -
sjdbGTFfeatureExon                exon
sjdbGTFtagExonParentTranscript    transcript_id
sjdbGTFtagExonParentGene          gene_id
sjdbGTFtagExonParentGeneName      gene_name   
sjdbGTFtagExonParentGeneType      gene_type   gene_biotype   
sjdbOverhang                      100
sjdbScore                         2
sjdbInsertSave                    Basic
varVCFfile                        -
waspOutputMode                    None
quantMode                         -   
quantTranscriptomeBAMcompression    1
quantTranscriptomeBan             IndelSoftclipSingleend
twopass1readsN                    18446744073709551615
twopassMode                       None
soloType                          None
soloCBstart                       1
soloUMIstart                      17
soloCBlen                         16
soloUMIlen                        10
soloBarcodeReadLength             1
soloCBwhitelist                   -
soloStrand                        Forward
soloOutFileNames                  Solo.out/   genes.tsv   barcodes.tsv   matrix.mtx   matrixSJ.mtx   matrixGeneFull.mtx   
soloFeatures                      Gene   
soloUMIdedup                      1MM_All   
##### Command Line:
STAR --runMode alignReads --genomeDir ../../results/expression/xenopus_mini/xenopus_star_index/ --readFilesIn ../../results/expression/xenopus_mini/430_S22_L002_trim_R1.fastq.gz ../../results/expression/xenopus_mini/430_S22_L002_trim_R2.fastq.gz --readFilesCommand zcat --runThreadN 10 --outFileNamePrefix ../../results/expression/xenopus_mini/xenopus_star_mini/430_S22_L002 --outSAMtype BAM SortedByCoordinate --outSAMunmapped Within --outSAMattributes Standard --quantMode TranscriptomeSAM --genomeSAsparseD 2
##### Initial USER parameters from Command Line:
outFileNamePrefix                 ../../results/expression/xenopus_mini/xenopus_star_mini/430_S22_L002
###### All USER parameters from Command Line:
runMode                       alignReads     ~RE-DEFINED
genomeDir                     ../../results/expression/xenopus_mini/xenopus_star_index/     ~RE-DEFINED
readFilesIn                   ../../results/expression/xenopus_mini/430_S22_L002_trim_R1.fastq.gz   ../../results/expression/xenopus_mini/430_S22_L002_trim_R2.fastq.gz        ~RE-DEFINED
readFilesCommand              zcat        ~RE-DEFINED
runThreadN                    10     ~RE-DEFINED
outFileNamePrefix             ../../results/expression/xenopus_mini/xenopus_star_mini/430_S22_L002     ~RE-DEFINED
outSAMtype                    BAM   SortedByCoordinate        ~RE-DEFINED
outSAMunmapped                Within        ~RE-DEFINED
outSAMattributes              Standard        ~RE-DEFINED
quantMode                     TranscriptomeSAM        ~RE-DEFINED
genomeSAsparseD               2     ~RE-DEFINED
##### Finished reading parameters from all sources

##### Final user re-defined parameters-----------------:
runMode                           alignReads
runThreadN                        10
genomeDir                         ../../results/expression/xenopus_mini/xenopus_star_index/
genomeSAsparseD                   2
readFilesIn                       ../../results/expression/xenopus_mini/430_S22_L002_trim_R1.fastq.gz   ../../results/expression/xenopus_mini/430_S22_L002_trim_R2.fastq.gz   
readFilesCommand                  zcat   
outFileNamePrefix                 ../../results/expression/xenopus_mini/xenopus_star_mini/430_S22_L002
outSAMtype                        BAM   SortedByCoordinate   
outSAMattributes                  Standard   
outSAMunmapped                    Within   
quantMode                         TranscriptomeSAM   

-------------------------------
##### Final effective command line:
STAR   --runMode alignReads   --runThreadN 10   --genomeDir ../../results/expression/xenopus_mini/xenopus_star_index/   --genomeSAsparseD 2   --readFilesIn ../../results/expression/xenopus_mini/430_S22_L002_trim_R1.fastq.gz   ../../results/expression/xenopus_mini/430_S22_L002_trim_R2.fastq.gz      --readFilesCommand zcat      --outFileNamePrefix ../../results/expression/xenopus_mini/xenopus_star_mini/430_S22_L002   --outSAMtype BAM   SortedByCoordinate      --outSAMattributes Standard      --outSAMunmapped Within      --quantMode TranscriptomeSAM   

##### Final parameters after user input--------------------------------:
versionGenome                     2.7.1a
parametersFiles                   -   
sysShell                          -
runMode                           alignReads
runThreadN                        10
runDirPerm                        User_RWX
runRNGseed                        777
genomeDir                         ../../results/expression/xenopus_mini/xenopus_star_index/
genomeLoad                        NoSharedMemory
genomeFastaFiles                  -   
genomeChainFiles                  -   
genomeSAindexNbases               14
genomeChrBinNbits                 18
genomeSAsparseD                   2
genomeSuffixLengthMax             18446744073709551615
genomeFileSizes                   0   
genomeConsensusFile               -
readFilesType                     Fastx   
readFilesIn                       ../../results/expression/xenopus_mini/430_S22_L002_trim_R1.fastq.gz   ../../results/expression/xenopus_mini/430_S22_L002_trim_R2.fastq.gz   
readFilesPrefix                   -
readFilesCommand                  zcat   
readMatesLengthsIn                NotEqual
readMapNumber                     18446744073709551615
readNameSeparator                 /   
inputBAMfile                      -
bamRemoveDuplicatesType           -
bamRemoveDuplicatesMate2basesN    0
limitGenomeGenerateRAM            31000000000
limitIObufferSize                 150000000
limitOutSAMoneReadBytes           100000
limitOutSJcollapsed               1000000
limitOutSJoneRead                 1000
limitBAMsortRAM                   0
limitSjdbInsertNsj                1000000
limitNreadsSoft                   18446744073709551615
outFileNamePrefix                 ../../results/expression/xenopus_mini/xenopus_star_mini/430_S22_L002
outTmpDir                         -
outTmpKeep                        None
outStd                            Log
outReadsUnmapped                  None
outQSconversionAdd                0
outMultimapperOrder               Old_2.4
outSAMtype                        BAM   SortedByCoordinate   
outSAMmode                        Full
outSAMstrandField                 None
outSAMattributes                  Standard   
outSAMunmapped                    Within   
outSAMorder                       Paired
outSAMprimaryFlag                 OneBestScore
outSAMreadID                      Standard
outSAMmapqUnique                  255
outSAMflagOR                      0
outSAMflagAND                     65535
outSAMattrRGline                  -   
outSAMheaderHD                    -   
outSAMheaderPG                    -   
outSAMheaderCommentFile           -
outBAMcompression                 1
outBAMsortingThreadN              0
outBAMsortingBinsN                50
outSAMfilter                      None   
outSAMmultNmax                    18446744073709551615
outSAMattrIHstart                 1
outSAMtlen                        1
outSJfilterReads                  All
outSJfilterCountUniqueMin         3   1   1   1   
outSJfilterCountTotalMin          3   1   1   1   
outSJfilterOverhangMin            30   12   12   12   
outSJfilterDistToOtherSJmin       10   0   5   10   
outSJfilterIntronMaxVsReadN       50000   100000   200000   
outWigType                        None   
outWigStrand                      Stranded   
outWigReferencesPrefix            -
outWigNorm                        RPM   
outFilterType                     Normal
outFilterMultimapNmax             10
outFilterMultimapScoreRange       1
outFilterScoreMin                 0
outFilterScoreMinOverLread        0.66
outFilterMatchNmin                0
outFilterMatchNminOverLread       0.66
outFilterMismatchNmax             10
outFilterMismatchNoverLmax        0.3
outFilterMismatchNoverReadLmax    1
outFilterIntronMotifs             None
outFilterIntronStrands            RemoveInconsistentStrands
clip5pNbases                      0   
clip3pNbases                      0   
clip3pAfterAdapterNbases          0   
clip3pAdapterSeq                  -   
clip3pAdapterMMp                  0.1   
winBinNbits                       16
winAnchorDistNbins                9
winFlankNbins                     4
winAnchorMultimapNmax             50
winReadCoverageRelativeMin        0.5
winReadCoverageBasesMin           0
scoreGap                          0
scoreGapNoncan                    -8
scoreGapGCAG                      -4
scoreGapATAC                      -8
scoreStitchSJshift                1
scoreGenomicLengthLog2scale       -0.25
scoreDelBase                      -2
scoreDelOpen                      -2
scoreInsOpen                      -2
scoreInsBase                      -2
seedSearchLmax                    0
seedSearchStartLmax               50
seedSearchStartLmaxOverLread      1
seedPerReadNmax                   1000
seedPerWindowNmax                 50
seedNoneLociPerWindow             10
seedMultimapNmax                  10000
seedSplitMin                      12
alignIntronMin                    21
alignIntronMax                    0
alignMatesGapMax                  0
alignTranscriptsPerReadNmax       10000
alignSJoverhangMin                5
alignSJDBoverhangMin              3
alignSJstitchMismatchNmax         0   -1   0   0   
alignSplicedMateMapLmin           0
alignSplicedMateMapLminOverLmate    0.66
alignWindowsPerReadNmax           10000
alignTranscriptsPerWindowNmax     100
alignEndsType                     Local
alignSoftClipAtReferenceEnds      Yes
alignEndsProtrude                 0   ConcordantPair   
alignInsertionFlush               None
peOverlapNbasesMin                0
peOverlapMMp                      0.01
chimSegmentMin                    0
chimScoreMin                      0
chimScoreDropMax                  20
chimScoreSeparation               10
chimScoreJunctionNonGTAG          -1
chimMainSegmentMultNmax           10
chimJunctionOverhangMin           20
chimOutType                       Junctions   
chimFilter                        banGenomicN   
chimSegmentReadGapMax             0
chimMultimapNmax                  0
chimMultimapScoreRange            1
chimNonchimScoreDropMin           20
chimOutJunctionFormat             0   
sjdbFileChrStartEnd               -   
sjdbGTFfile                       -
sjdbGTFchrPrefix                  -
sjdbGTFfeatureExon                exon
sjdbGTFtagExonParentTranscript    transcript_id
sjdbGTFtagExonParentGene          gene_id
sjdbGTFtagExonParentGeneName      gene_name   
sjdbGTFtagExonParentGeneType      gene_type   gene_biotype   
sjdbOverhang                      100
sjdbScore                         2
sjdbInsertSave                    Basic
varVCFfile                        -
waspOutputMode                    None
quantMode                         TranscriptomeSAM   
quantTranscriptomeBAMcompression    1
quantTranscriptomeBan             IndelSoftclipSingleend
twopass1readsN                    18446744073709551615
twopassMode                       None
soloType                          None
soloCBstart                       1
soloUMIstart                      17
soloCBlen                         16
soloUMIlen                        10
soloBarcodeReadLength             1
soloCBwhitelist                   -
soloStrand                        Forward
soloOutFileNames                  Solo.out/   genes.tsv   barcodes.tsv   matrix.mtx   matrixSJ.mtx   matrixGeneFull.mtx   
soloFeatures                      Gene   
soloUMIdedup                      1MM_All   
----------------------------------------


   Input read files for mate 1, from input string ../../results/expression/xenopus_mini/430_S22_L002_trim_R1.fastq.gz
-rw-r--r-- 1 kwh1 root 6774866403 Jul 27 17:21 ../../results/expression/xenopus_mini/430_S22_L002_trim_R1.fastq.gz

   readsCommandsFile:
exec > "../../results/expression/xenopus_mini/xenopus_star_mini/430_S22_L002_STARtmp/tmp.fifo.read1"
echo FILE 0
zcat      "../../results/expression/xenopus_mini/430_S22_L002_trim_R1.fastq.gz"


   Input read files for mate 2, from input string ../../results/expression/xenopus_mini/430_S22_L002_trim_R2.fastq.gz
-rw-r--r-- 1 kwh1 root 7081160109 Jul 27 17:22 ../../results/expression/xenopus_mini/430_S22_L002_trim_R2.fastq.gz

   readsCommandsFile:
exec > "../../results/expression/xenopus_mini/xenopus_star_mini/430_S22_L002_STARtmp/tmp.fifo.read2"
echo FILE 0
zcat      "../../results/expression/xenopus_mini/430_S22_L002_trim_R2.fastq.gz"

WARNING: --limitBAMsortRAM=0, will use genome size as RAM limit for BAM sorting
Finished loading and checking parameters
Reading genome generation parameters:
### STAR   --runMode genomeGenerate   --runThreadN 6   --genomeDir ../../results/expression/xenopus_mini/xenopus_star_index/   --genomeFastaFiles ../../references/reference_genomes/Xenopus_tropicalis_frog.fna      --genomeChrBinNbits 12   --genomeSAsparseD 2   --limitGenomeGenerateRAM 200000000000   --sjdbGTFfile ../../results/expression/xenopus_from_pipeline.gtf   --sjdbOverhang 99
### GstrandBit=32
versionGenome                 2.7.1a     ~RE-DEFINED
genomeFastaFiles              ../../references/reference_genomes/Xenopus_tropicalis_frog.fna        ~RE-DEFINED
genomeSAindexNbases           14     ~RE-DEFINED
genomeChrBinNbits             12     ~RE-DEFINED
genomeSAsparseD               2     ~RE-DEFINED
sjdbOverhang                  99     ~RE-DEFINED
sjdbFileChrStartEnd           -        ~RE-DEFINED
sjdbGTFfile                   ../../results/expression/xenopus_from_pipeline.gtf     ~RE-DEFINED
sjdbGTFchrPrefix              -     ~RE-DEFINED
sjdbGTFfeatureExon            exon     ~RE-DEFINED
sjdbGTFtagExonParentTranscripttranscript_id     ~RE-DEFINED
sjdbGTFtagExonParentGene      gene_id     ~RE-DEFINED
sjdbInsertSave                Basic     ~RE-DEFINED
genomeFileSizes               1451675648   5974905663        ~RE-DEFINED
Genome version is compatible with current STAR
Number of real (reference) chromosomes= 167
1	NC_030677.2	217471166	0
2	NC_030678.2	181034961	217473024
3	NC_030679.2	153873357	398508032
4	NC_030680.2	153961319	552382464
5	NC_030681.2	164033575	706347008
6	NC_030682.2	154486312	870383616
7	NC_030683.2	133565930	1024872448
8	NC_030684.2	147241510	1158438912
9	NC_030685.2	91218944	1305681920
10	NC_030686.2	52432566	1396903936
11	NW_022279347.1	82299	1449336832
12	NW_022279348.1	79987	1449422848
13	NW_022279349.1	65000	1449504768
14	NW_022279350.1	61141	1449570304
15	NW_022279351.1	58902	1449631744
16	NW_022279352.1	58685	1449693184
17	NW_022279353.1	57626	1449754624
18	NW_022279354.1	55686	1449816064
19	NW_022279355.1	55312	1449873408
20	NW_022279356.1	54580	1449930752
21	NW_022279357.1	53911	1449988096
22	NW_022279358.1	50834	1450045440
23	NW_022279359.1	49023	1450098688
24	NW_022279360.1	43454	1450147840
25	NW_022279361.1	35892	1450192896
26	NW_022279362.1	33050	1450229760
27	NW_022279363.1	32903	1450266624
28	NW_022279364.1	32519	1450303488
29	NW_022279365.1	32064	1450336256
30	NW_022279366.1	31817	1450369024
31	NW_022279367.1	29942	1450401792
32	NW_022279368.1	30068	1450434560
33	NW_022279369.1	29586	1450467328
34	NW_022279370.1	28968	1450500096
35	NW_022279371.1	27620	1450532864
36	NW_022279372.1	27523	1450561536
37	NW_022279373.1	27456	1450590208
38	NW_022279374.1	27025	1450618880
39	NW_022279375.1	27006	1450647552
40	NW_022279376.1	26908	1450676224
41	NW_022279377.1	26296	1450704896
42	NW_022279378.1	25901	1450733568
43	NW_022279379.1	23963	1450762240
44	NW_022279380.1	23589	1450786816
45	NW_022279381.1	23344	1450811392
46	NW_022279382.1	21970	1450835968
47	NW_022279383.1	19571	1450860544
48	NW_022279384.1	14822	1450881024
49	NW_022279385.1	14783	1450897408
50	NW_022279386.1	13263	1450913792
51	NW_022279387.1	13206	1450930176
52	NW_022279388.1	12419	1450946560
53	NW_022279389.1	12521	1450962944
54	NW_022279390.1	11880	1450979328
55	NW_022279391.1	10997	1450991616
56	NW_022279392.1	10342	1451003904
57	NW_022279393.1	10052	1451016192
58	NW_022279394.1	9471	1451028480
59	NW_022279395.1	8724	1451040768
60	NW_022279396.1	7422	1451053056
61	NW_022279397.1	7405	1451061248
62	NW_022279398.1	7253	1451069440
63	NW_022279399.1	7202	1451077632
64	NW_022279400.1	7211	1451085824
65	NW_022279401.1	7122	1451094016
66	NW_022279402.1	7030	1451102208
67	NW_022279403.1	6907	1451110400
68	NW_022279404.1	6647	1451118592
69	NW_022279405.1	6523	1451126784
70	NW_022279406.1	6028	1451134976
71	NW_022279407.1	6000	1451143168
72	NW_022279408.1	5864	1451151360
73	NW_022279409.1	5477	1451159552
74	NW_022279410.1	5339	1451167744
75	NW_022279411.1	5161	1451175936
76	NW_022279412.1	5000	1451184128
77	NW_022279413.1	4995	1451192320
78	NW_022279414.1	5000	1451200512
79	NW_022279415.1	5009	1451208704
80	NW_022279416.1	5000	1451216896
81	NW_022279417.1	5000	1451225088
82	NW_022279418.1	4995	1451233280
83	NW_022279419.1	5000	1451241472
84	NW_022279420.1	4968	1451249664
85	NW_022279421.1	4956	1451257856
86	NW_022279422.1	4911	1451266048
87	NW_022279423.1	4869	1451274240
88	NW_022279424.1	4861	1451282432
89	NW_022279425.1	4823	1451290624
90	NW_022279426.1	4807	1451298816
91	NW_022279427.1	4774	1451307008
92	NW_022279428.1	4757	1451315200
93	NW_022279429.1	4550	1451323392
94	NW_022279430.1	4514	1451331584
95	NW_022279431.1	4418	1451339776
96	NW_022279432.1	4398	1451347968
97	NW_022279433.1	4214	1451356160
98	NW_022279434.1	4229	1451364352
99	NW_022279435.1	4123	1451372544
100	NW_022279436.1	4004	1451380736
101	NW_022279437.1	4015	1451384832
102	NW_022279438.1	3937	1451388928
103	NW_022279439.1	3827	1451393024
104	NW_022279440.1	3579	1451397120
105	NW_022279441.1	3509	1451401216
106	NW_022279442.1	3381	1451405312
107	NW_022279443.1	3295	1451409408
108	NW_022279444.1	3301	1451413504
109	NW_022279445.1	3268	1451417600
110	NW_022279446.1	3217	1451421696
111	NW_022279447.1	3194	1451425792
112	NW_022279448.1	3192	1451429888
113	NW_022279449.1	3138	1451433984
114	NW_022279450.1	3000	1451438080
115	NW_022279451.1	3000	1451442176
116	NW_022279452.1	2874	1451446272
117	NW_022279453.1	2837	1451450368
118	NW_022279454.1	2840	1451454464
119	NW_022279455.1	2779	1451458560
120	NW_022279456.1	2622	1451462656
121	NW_022279457.1	2504	1451466752
122	NW_022279458.1	2471	1451470848
123	NW_022279459.1	2353	1451474944
124	NW_022279460.1	2303	1451479040
125	NW_022279461.1	2182	1451483136
126	NW_022279462.1	2086	1451487232
127	NW_022279463.1	2000	1451491328
128	NW_022279464.1	2000	1451495424
129	NW_022279465.1	1875	1451499520
130	NW_022279466.1	1708	1451503616
131	NW_022279467.1	1654	1451507712
132	NW_022279468.1	1647	1451511808
133	NW_022279469.1	1625	1451515904
134	NW_022279470.1	1584	1451520000
135	NW_022279471.1	1572	1451524096
136	NW_022279472.1	1428	1451528192
137	NW_022279473.1	1370	1451532288
138	NW_022279474.1	1347	1451536384
139	NW_022279475.1	1321	1451540480
140	NW_022279476.1	1280	1451544576
141	NW_022279477.1	1275	1451548672
142	NW_022279478.1	1274	1451552768
143	NW_022279479.1	1249	1451556864
144	NW_022279480.1	1243	1451560960
145	NW_022279481.1	1192	1451565056
146	NW_022279482.1	1152	1451569152
147	NW_022279483.1	1118	1451573248
148	NW_022279484.1	1116	1451577344
149	NW_022279485.1	1110	1451581440
150	NW_022279486.1	1101	1451585536
151	NW_022279487.1	1092	1451589632
152	NW_022279488.1	1076	1451593728
153	NW_022279489.1	1051	1451597824
154	NW_022279490.1	1015	1451601920
155	NW_022279491.1	1000	1451606016
156	NW_022279492.1	1000	1451610112
157	NW_022279493.1	997	1451614208
158	NW_022279494.1	991	1451618304
159	NW_022279495.1	962	1451622400
160	NW_022279496.1	896	1451626496
161	NW_022279497.1	803	1451630592
162	NW_022279498.1	786	1451634688
163	NW_022279499.1	755	1451638784
164	NW_022279500.1	748	1451642880
165	NW_022279501.1	593	1451646976
166	NW_022279502.1	582	1451651072
167	NC_006839.1	17610	1451655168
--sjdbOverhang = 99 taken from the generated genome
Started loading the genome: Sat Jul 27 17:55:20 2024

Genome: size given as a parameter = 1451675648
SA: size given as a parameter = 5974905663
SAindex: size given as a parameter = 1
Read from SAindex: pGe.gSAindexNbases=14  nSAi=357913940
nGenome=1451675648;  nSAbyte=5974905663
GstrandBit=32   SA number of indices=1448461978
Shared memory is not used for genomes. Allocated a private copy of the genome.
Genome file size: 1451675648 bytes; state: good=1 eof=0 fail=0 bad=0
Loading Genome ... done! state: good=1 eof=0 fail=0 bad=0; loaded 1451675648 bytes
SA file size: 5974905663 bytes; state: good=1 eof=0 fail=0 bad=0
Loading SA ... done! state: good=1 eof=0 fail=0 bad=0; loaded 5974905663 bytes
Loading SAindex ... done: 1565873619 bytes
Finished loading the genome: Sat Jul 27 17:55:40 2024

alignIntronMax=alignMatesGapMax=0, the max intron size will be approximately determined by (2^winBinNbits)*winAnchorDistNbins=589824
winBinNbits=16 > pGe.gChrBinNbits=12   redefining:
winBinNbits=12
Loaded transcript database, nTr=50
Loaded exon database, nEx=50
Created thread # 1
Created thread # 2
Created thread # 3
Created thread # 4
Starting to map file # 0
mate 1:   ../../results/expression/xenopus_mini/430_S22_L002_trim_R1.fastq.gz
mate 2:   ../../results/expression/xenopus_mini/430_S22_L002_trim_R2.fastq.gz
Created thread # 5
Created thread # 6
Created thread # 7
Created thread # 8
Created thread # 9
BAM sorting: 185678 mapped reads
BAM sorting bins genomic start loci:
1	0	74488332
2	0	104392294
3	0	149989967
4	0	191854840
5	1	7500322
6	1	56685238
7	1	91195128
8	1	137098906
9	1	150572489
10	2	9750390
11	2	43473364
12	2	89127379
13	2	109835911
14	2	139715665
15	3	16101135
16	3	30206905
17	3	40437185
18	3	90995963
19	3	120444132
20	3	151717620
21	4	39854179
22	4	78639164
23	4	116252154
24	5	6692894
25	5	32980462
26	5	106946758
27	5	148974493
28	6	18720496
29	6	53117541
30	6	94733422
31	6	117167559
32	6	131523613
33	7	22675465
34	7	69028096
35	7	78985669
36	7	107750892
37	7	141357507
38	8	4091064
39	8	25802073
40	8	48135793
41	8	59788548
42	8	83772664
43	9	7705405
44	9	18247401
45	9	19692465
46	9	45155701
47	9	50320266
48	9	52350067
Thread #0 end of input stream, nextChar=-1
Completed: thread #7
Completed: thread #6
Completed: thread #9
Completed: thread #4
Completed: thread #3
Completed: thread #0
Completed: thread #2
Completed: thread #5
Completed: thread #1
Joined thread # 1
Joined thread # 2
Joined thread # 3
Joined thread # 4
Joined thread # 5
Joined thread # 6
Joined thread # 7
Completed: thread #8
Joined thread # 8
Joined thread # 9
Jul 27 19:16:35 ..... started sorting BAM
Max memory needed for sorting = 1641226746
ALL DONE!
