STAR version=2.7.1a
STAR compilation time,server,dir=Tue May 14 12:14:27 EDT 2019 vega:/home/dobin/data/STAR/STARcode/STAR.master/source
##### DEFAULT parameters:
versionGenome                     2.7.1a
parametersFiles                   -   
sysShell                          -
runMode                           alignReads
runThreadN                        1
runDirPerm                        User_RWX
runRNGseed                        777
genomeDir                         ./GenomeDir/
genomeLoad                        NoSharedMemory
genomeFastaFiles                  -   
genomeChainFiles                  -   
genomeSAindexNbases               14
genomeChrBinNbits                 18
genomeSAsparseD                   1
genomeSuffixLengthMax             18446744073709551615
genomeFileSizes                   0   
genomeConsensusFile               -
readFilesType                     Fastx   
readFilesIn                       Read1   Read2   
readFilesPrefix                   -
readFilesCommand                  -   
readMatesLengthsIn                NotEqual
readMapNumber                     18446744073709551615
readNameSeparator                 /   
inputBAMfile                      -
bamRemoveDuplicatesType           -
bamRemoveDuplicatesMate2basesN    0
limitGenomeGenerateRAM            31000000000
limitIObufferSize                 150000000
limitOutSAMoneReadBytes           100000
limitOutSJcollapsed               1000000
limitOutSJoneRead                 1000
limitBAMsortRAM                   0
limitSjdbInsertNsj                1000000
limitNreadsSoft                   18446744073709551615
outFileNamePrefix                 ./
outTmpDir                         -
outTmpKeep                        None
outStd                            Log
outReadsUnmapped                  None
outQSconversionAdd                0
outMultimapperOrder               Old_2.4
outSAMtype                        SAM   
outSAMmode                        Full
outSAMstrandField                 None
outSAMattributes                  Standard   
outSAMunmapped                    None   
outSAMorder                       Paired
outSAMprimaryFlag                 OneBestScore
outSAMreadID                      Standard
outSAMmapqUnique                  255
outSAMflagOR                      0
outSAMflagAND                     65535
outSAMattrRGline                  -   
outSAMheaderHD                    -   
outSAMheaderPG                    -   
outSAMheaderCommentFile           -
outBAMcompression                 1
outBAMsortingThreadN              0
outBAMsortingBinsN                50
outSAMfilter                      None   
outSAMmultNmax                    18446744073709551615
outSAMattrIHstart                 1
outSAMtlen                        1
outSJfilterReads                  All
outSJfilterCountUniqueMin         3   1   1   1   
outSJfilterCountTotalMin          3   1   1   1   
outSJfilterOverhangMin            30   12   12   12   
outSJfilterDistToOtherSJmin       10   0   5   10   
outSJfilterIntronMaxVsReadN       50000   100000   200000   
outWigType                        None   
outWigStrand                      Stranded   
outWigReferencesPrefix            -
outWigNorm                        RPM   
outFilterType                     Normal
outFilterMultimapNmax             10
outFilterMultimapScoreRange       1
outFilterScoreMin                 0
outFilterScoreMinOverLread        0.66
outFilterMatchNmin                0
outFilterMatchNminOverLread       0.66
outFilterMismatchNmax             10
outFilterMismatchNoverLmax        0.3
outFilterMismatchNoverReadLmax    1
outFilterIntronMotifs             None
outFilterIntronStrands            RemoveInconsistentStrands
clip5pNbases                      0   
clip3pNbases                      0   
clip3pAfterAdapterNbases          0   
clip3pAdapterSeq                  -   
clip3pAdapterMMp                  0.1   
winBinNbits                       16
winAnchorDistNbins                9
winFlankNbins                     4
winAnchorMultimapNmax             50
winReadCoverageRelativeMin        0.5
winReadCoverageBasesMin           0
scoreGap                          0
scoreGapNoncan                    -8
scoreGapGCAG                      -4
scoreGapATAC                      -8
scoreStitchSJshift                1
scoreGenomicLengthLog2scale       -0.25
scoreDelBase                      -2
scoreDelOpen                      -2
scoreInsOpen                      -2
scoreInsBase                      -2
seedSearchLmax                    0
seedSearchStartLmax               50
seedSearchStartLmaxOverLread      1
seedPerReadNmax                   1000
seedPerWindowNmax                 50
seedNoneLociPerWindow             10
seedMultimapNmax                  10000
seedSplitMin                      12
alignIntronMin                    21
alignIntronMax                    0
alignMatesGapMax                  0
alignTranscriptsPerReadNmax       10000
alignSJoverhangMin                5
alignSJDBoverhangMin              3
alignSJstitchMismatchNmax         0   -1   0   0   
alignSplicedMateMapLmin           0
alignSplicedMateMapLminOverLmate    0.66
alignWindowsPerReadNmax           10000
alignTranscriptsPerWindowNmax     100
alignEndsType                     Local
alignSoftClipAtReferenceEnds      Yes
alignEndsProtrude                 0   ConcordantPair   
alignInsertionFlush               None
peOverlapNbasesMin                0
peOverlapMMp                      0.01
chimSegmentMin                    0
chimScoreMin                      0
chimScoreDropMax                  20
chimScoreSeparation               10
chimScoreJunctionNonGTAG          -1
chimMainSegmentMultNmax           10
chimJunctionOverhangMin           20
chimOutType                       Junctions   
chimFilter                        banGenomicN   
chimSegmentReadGapMax             0
chimMultimapNmax                  0
chimMultimapScoreRange            1
chimNonchimScoreDropMin           20
chimOutJunctionFormat             0   
sjdbFileChrStartEnd               -   
sjdbGTFfile                       -
sjdbGTFchrPrefix                  -
sjdbGTFfeatureExon                exon
sjdbGTFtagExonParentTranscript    transcript_id
sjdbGTFtagExonParentGene          gene_id
sjdbGTFtagExonParentGeneName      gene_name   
sjdbGTFtagExonParentGeneType      gene_type   gene_biotype   
sjdbOverhang                      100
sjdbScore                         2
sjdbInsertSave                    Basic
varVCFfile                        -
waspOutputMode                    None
quantMode                         -   
quantTranscriptomeBAMcompression    1
quantTranscriptomeBan             IndelSoftclipSingleend
twopass1readsN                    18446744073709551615
twopassMode                       None
soloType                          None
soloCBstart                       1
soloUMIstart                      17
soloCBlen                         16
soloUMIlen                        10
soloBarcodeReadLength             1
soloCBwhitelist                   -
soloStrand                        Forward
soloOutFileNames                  Solo.out/   genes.tsv   barcodes.tsv   matrix.mtx   matrixSJ.mtx   matrixGeneFull.mtx   
soloFeatures                      Gene   
soloUMIdedup                      1MM_All   
##### Command Line:
STAR --runThreadN 6 --runMode genomeGenerate --genomeDir ../../results/expression/xenopus_mini/xenopus_star_index/ --genomeFastaFiles ../../references/reference_genomes/Xenopus_tropicalis_frog.fna --sjdbGTFfile ../../results/expression/xenopus_from_pipeline.gtf --genomeChrBinNbits 12 --limitGenomeGenerateRAM 200000000000 --sjdbOverhang 99 --genomeSAsparseD 2
##### Initial USER parameters from Command Line:
###### All USER parameters from Command Line:
runThreadN                    6     ~RE-DEFINED
runMode                       genomeGenerate     ~RE-DEFINED
genomeDir                     ../../results/expression/xenopus_mini/xenopus_star_index/     ~RE-DEFINED
genomeFastaFiles              ../../references/reference_genomes/Xenopus_tropicalis_frog.fna        ~RE-DEFINED
sjdbGTFfile                   ../../results/expression/xenopus_from_pipeline.gtf     ~RE-DEFINED
genomeChrBinNbits             12     ~RE-DEFINED
limitGenomeGenerateRAM        200000000000     ~RE-DEFINED
sjdbOverhang                  99     ~RE-DEFINED
genomeSAsparseD               2     ~RE-DEFINED
##### Finished reading parameters from all sources

##### Final user re-defined parameters-----------------:
runMode                           genomeGenerate
runThreadN                        6
genomeDir                         ../../results/expression/xenopus_mini/xenopus_star_index/
genomeFastaFiles                  ../../references/reference_genomes/Xenopus_tropicalis_frog.fna   
genomeChrBinNbits                 12
genomeSAsparseD                   2
limitGenomeGenerateRAM            200000000000
sjdbGTFfile                       ../../results/expression/xenopus_from_pipeline.gtf
sjdbOverhang                      99

-------------------------------
##### Final effective command line:
STAR   --runMode genomeGenerate   --runThreadN 6   --genomeDir ../../results/expression/xenopus_mini/xenopus_star_index/   --genomeFastaFiles ../../references/reference_genomes/Xenopus_tropicalis_frog.fna      --genomeChrBinNbits 12   --genomeSAsparseD 2   --limitGenomeGenerateRAM 200000000000   --sjdbGTFfile ../../results/expression/xenopus_from_pipeline.gtf   --sjdbOverhang 99

##### Final parameters after user input--------------------------------:
versionGenome                     2.7.1a
parametersFiles                   -   
sysShell                          -
runMode                           genomeGenerate
runThreadN                        6
runDirPerm                        User_RWX
runRNGseed                        777
genomeDir                         ../../results/expression/xenopus_mini/xenopus_star_index/
genomeLoad                        NoSharedMemory
genomeFastaFiles                  ../../references/reference_genomes/Xenopus_tropicalis_frog.fna   
genomeChainFiles                  -   
genomeSAindexNbases               14
genomeChrBinNbits                 12
genomeSAsparseD                   2
genomeSuffixLengthMax             18446744073709551615
genomeFileSizes                   0   
genomeConsensusFile               -
readFilesType                     Fastx   
readFilesIn                       Read1   Read2   
readFilesPrefix                   -
readFilesCommand                  -   
readMatesLengthsIn                NotEqual
readMapNumber                     18446744073709551615
readNameSeparator                 /   
inputBAMfile                      -
bamRemoveDuplicatesType           -
bamRemoveDuplicatesMate2basesN    0
limitGenomeGenerateRAM            200000000000
limitIObufferSize                 150000000
limitOutSAMoneReadBytes           100000
limitOutSJcollapsed               1000000
limitOutSJoneRead                 1000
limitBAMsortRAM                   0
limitSjdbInsertNsj                1000000
limitNreadsSoft                   18446744073709551615
outFileNamePrefix                 ./
outTmpDir                         -
outTmpKeep                        None
outStd                            Log
outReadsUnmapped                  None
outQSconversionAdd                0
outMultimapperOrder               Old_2.4
outSAMtype                        SAM   
outSAMmode                        Full
outSAMstrandField                 None
outSAMattributes                  Standard   
outSAMunmapped                    None   
outSAMorder                       Paired
outSAMprimaryFlag                 OneBestScore
outSAMreadID                      Standard
outSAMmapqUnique                  255
outSAMflagOR                      0
outSAMflagAND                     65535
outSAMattrRGline                  -   
outSAMheaderHD                    -   
outSAMheaderPG                    -   
outSAMheaderCommentFile           -
outBAMcompression                 1
outBAMsortingThreadN              0
outBAMsortingBinsN                50
outSAMfilter                      None   
outSAMmultNmax                    18446744073709551615
outSAMattrIHstart                 1
outSAMtlen                        1
outSJfilterReads                  All
outSJfilterCountUniqueMin         3   1   1   1   
outSJfilterCountTotalMin          3   1   1   1   
outSJfilterOverhangMin            30   12   12   12   
outSJfilterDistToOtherSJmin       10   0   5   10   
outSJfilterIntronMaxVsReadN       50000   100000   200000   
outWigType                        None   
outWigStrand                      Stranded   
outWigReferencesPrefix            -
outWigNorm                        RPM   
outFilterType                     Normal
outFilterMultimapNmax             10
outFilterMultimapScoreRange       1
outFilterScoreMin                 0
outFilterScoreMinOverLread        0.66
outFilterMatchNmin                0
outFilterMatchNminOverLread       0.66
outFilterMismatchNmax             10
outFilterMismatchNoverLmax        0.3
outFilterMismatchNoverReadLmax    1
outFilterIntronMotifs             None
outFilterIntronStrands            RemoveInconsistentStrands
clip5pNbases                      0   
clip3pNbases                      0   
clip3pAfterAdapterNbases          0   
clip3pAdapterSeq                  -   
clip3pAdapterMMp                  0.1   
winBinNbits                       16
winAnchorDistNbins                9
winFlankNbins                     4
winAnchorMultimapNmax             50
winReadCoverageRelativeMin        0.5
winReadCoverageBasesMin           0
scoreGap                          0
scoreGapNoncan                    -8
scoreGapGCAG                      -4
scoreGapATAC                      -8
scoreStitchSJshift                1
scoreGenomicLengthLog2scale       -0.25
scoreDelBase                      -2
scoreDelOpen                      -2
scoreInsOpen                      -2
scoreInsBase                      -2
seedSearchLmax                    0
seedSearchStartLmax               50
seedSearchStartLmaxOverLread      1
seedPerReadNmax                   1000
seedPerWindowNmax                 50
seedNoneLociPerWindow             10
seedMultimapNmax                  10000
seedSplitMin                      12
alignIntronMin                    21
alignIntronMax                    0
alignMatesGapMax                  0
alignTranscriptsPerReadNmax       10000
alignSJoverhangMin                5
alignSJDBoverhangMin              3
alignSJstitchMismatchNmax         0   -1   0   0   
alignSplicedMateMapLmin           0
alignSplicedMateMapLminOverLmate    0.66
alignWindowsPerReadNmax           10000
alignTranscriptsPerWindowNmax     100
alignEndsType                     Local
alignSoftClipAtReferenceEnds      Yes
alignEndsProtrude                 0   ConcordantPair   
alignInsertionFlush               None
peOverlapNbasesMin                0
peOverlapMMp                      0.01
chimSegmentMin                    0
chimScoreMin                      0
chimScoreDropMax                  20
chimScoreSeparation               10
chimScoreJunctionNonGTAG          -1
chimMainSegmentMultNmax           10
chimJunctionOverhangMin           20
chimOutType                       Junctions   
chimFilter                        banGenomicN   
chimSegmentReadGapMax             0
chimMultimapNmax                  0
chimMultimapScoreRange            1
chimNonchimScoreDropMin           20
chimOutJunctionFormat             0   
sjdbFileChrStartEnd               -   
sjdbGTFfile                       ../../results/expression/xenopus_from_pipeline.gtf
sjdbGTFchrPrefix                  -
sjdbGTFfeatureExon                exon
sjdbGTFtagExonParentTranscript    transcript_id
sjdbGTFtagExonParentGene          gene_id
sjdbGTFtagExonParentGeneName      gene_name   
sjdbGTFtagExonParentGeneType      gene_type   gene_biotype   
sjdbOverhang                      99
sjdbScore                         2
sjdbInsertSave                    Basic
varVCFfile                        -
waspOutputMode                    None
quantMode                         -   
quantTranscriptomeBAMcompression    1
quantTranscriptomeBan             IndelSoftclipSingleend
twopass1readsN                    18446744073709551615
twopassMode                       None
soloType                          None
soloCBstart                       1
soloUMIstart                      17
soloCBlen                         16
soloUMIlen                        10
soloBarcodeReadLength             1
soloCBwhitelist                   -
soloStrand                        Forward
soloOutFileNames                  Solo.out/   genes.tsv   barcodes.tsv   matrix.mtx   matrixSJ.mtx   matrixGeneFull.mtx   
soloFeatures                      Gene   
soloUMIdedup                      1MM_All   
----------------------------------------

Finished loading and checking parameters
Jul 27 17:27:05 ... starting to generate Genome files
../../references/reference_genomes/Xenopus_tropicalis_frog.fna : chr # 0  "NC_030677.2" chrStart: 0
../../references/reference_genomes/Xenopus_tropicalis_frog.fna : chr # 1  "NC_030678.2" chrStart: 217473024
../../references/reference_genomes/Xenopus_tropicalis_frog.fna : chr # 2  "NC_030679.2" chrStart: 398508032
../../references/reference_genomes/Xenopus_tropicalis_frog.fna : chr # 3  "NC_030680.2" chrStart: 552382464
../../references/reference_genomes/Xenopus_tropicalis_frog.fna : chr # 4  "NC_030681.2" chrStart: 706347008
../../references/reference_genomes/Xenopus_tropicalis_frog.fna : chr # 5  "NC_030682.2" chrStart: 870383616
../../references/reference_genomes/Xenopus_tropicalis_frog.fna : chr # 6  "NC_030683.2" chrStart: 1024872448
../../references/reference_genomes/Xenopus_tropicalis_frog.fna : chr # 7  "NC_030684.2" chrStart: 1158438912
../../references/reference_genomes/Xenopus_tropicalis_frog.fna : chr # 8  "NC_030685.2" chrStart: 1305681920
../../references/reference_genomes/Xenopus_tropicalis_frog.fna : chr # 9  "NC_030686.2" chrStart: 1396903936
../../references/reference_genomes/Xenopus_tropicalis_frog.fna : chr # 10  "NW_022279347.1" chrStart: 1449336832
../../references/reference_genomes/Xenopus_tropicalis_frog.fna : chr # 11  "NW_022279348.1" chrStart: 1449422848
../../references/reference_genomes/Xenopus_tropicalis_frog.fna : chr # 12  "NW_022279349.1" chrStart: 1449504768
../../references/reference_genomes/Xenopus_tropicalis_frog.fna : chr # 13  "NW_022279350.1" chrStart: 1449570304
../../references/reference_genomes/Xenopus_tropicalis_frog.fna : chr # 14  "NW_022279351.1" chrStart: 1449631744
../../references/reference_genomes/Xenopus_tropicalis_frog.fna : chr # 15  "NW_022279352.1" chrStart: 1449693184
../../references/reference_genomes/Xenopus_tropicalis_frog.fna : chr # 16  "NW_022279353.1" chrStart: 1449754624
../../references/reference_genomes/Xenopus_tropicalis_frog.fna : chr # 17  "NW_022279354.1" chrStart: 1449816064
../../references/reference_genomes/Xenopus_tropicalis_frog.fna : chr # 18  "NW_022279355.1" chrStart: 1449873408
../../references/reference_genomes/Xenopus_tropicalis_frog.fna : chr # 19  "NW_022279356.1" chrStart: 1449930752
../../references/reference_genomes/Xenopus_tropicalis_frog.fna : chr # 20  "NW_022279357.1" chrStart: 1449988096
../../references/reference_genomes/Xenopus_tropicalis_frog.fna : chr # 21  "NW_022279358.1" chrStart: 1450045440
../../references/reference_genomes/Xenopus_tropicalis_frog.fna : chr # 22  "NW_022279359.1" chrStart: 1450098688
../../references/reference_genomes/Xenopus_tropicalis_frog.fna : chr # 23  "NW_022279360.1" chrStart: 1450147840
../../references/reference_genomes/Xenopus_tropicalis_frog.fna : chr # 24  "NW_022279361.1" chrStart: 1450192896
../../references/reference_genomes/Xenopus_tropicalis_frog.fna : chr # 25  "NW_022279362.1" chrStart: 1450229760
../../references/reference_genomes/Xenopus_tropicalis_frog.fna : chr # 26  "NW_022279363.1" chrStart: 1450266624
../../references/reference_genomes/Xenopus_tropicalis_frog.fna : chr # 27  "NW_022279364.1" chrStart: 1450303488
../../references/reference_genomes/Xenopus_tropicalis_frog.fna : chr # 28  "NW_022279365.1" chrStart: 1450336256
../../references/reference_genomes/Xenopus_tropicalis_frog.fna : chr # 29  "NW_022279366.1" chrStart: 1450369024
../../references/reference_genomes/Xenopus_tropicalis_frog.fna : chr # 30  "NW_022279367.1" chrStart: 1450401792
../../references/reference_genomes/Xenopus_tropicalis_frog.fna : chr # 31  "NW_022279368.1" chrStart: 1450434560
../../references/reference_genomes/Xenopus_tropicalis_frog.fna : chr # 32  "NW_022279369.1" chrStart: 1450467328
../../references/reference_genomes/Xenopus_tropicalis_frog.fna : chr # 33  "NW_022279370.1" chrStart: 1450500096
../../references/reference_genomes/Xenopus_tropicalis_frog.fna : chr # 34  "NW_022279371.1" chrStart: 1450532864
../../references/reference_genomes/Xenopus_tropicalis_frog.fna : chr # 35  "NW_022279372.1" chrStart: 1450561536
../../references/reference_genomes/Xenopus_tropicalis_frog.fna : chr # 36  "NW_022279373.1" chrStart: 1450590208
../../references/reference_genomes/Xenopus_tropicalis_frog.fna : chr # 37  "NW_022279374.1" chrStart: 1450618880
../../references/reference_genomes/Xenopus_tropicalis_frog.fna : chr # 38  "NW_022279375.1" chrStart: 1450647552
../../references/reference_genomes/Xenopus_tropicalis_frog.fna : chr # 39  "NW_022279376.1" chrStart: 1450676224
../../references/reference_genomes/Xenopus_tropicalis_frog.fna : chr # 40  "NW_022279377.1" chrStart: 1450704896
../../references/reference_genomes/Xenopus_tropicalis_frog.fna : chr # 41  "NW_022279378.1" chrStart: 1450733568
../../references/reference_genomes/Xenopus_tropicalis_frog.fna : chr # 42  "NW_022279379.1" chrStart: 1450762240
../../references/reference_genomes/Xenopus_tropicalis_frog.fna : chr # 43  "NW_022279380.1" chrStart: 1450786816
../../references/reference_genomes/Xenopus_tropicalis_frog.fna : chr # 44  "NW_022279381.1" chrStart: 1450811392
../../references/reference_genomes/Xenopus_tropicalis_frog.fna : chr # 45  "NW_022279382.1" chrStart: 1450835968
../../references/reference_genomes/Xenopus_tropicalis_frog.fna : chr # 46  "NW_022279383.1" chrStart: 1450860544
../../references/reference_genomes/Xenopus_tropicalis_frog.fna : chr # 47  "NW_022279384.1" chrStart: 1450881024
../../references/reference_genomes/Xenopus_tropicalis_frog.fna : chr # 48  "NW_022279385.1" chrStart: 1450897408
../../references/reference_genomes/Xenopus_tropicalis_frog.fna : chr # 49  "NW_022279386.1" chrStart: 1450913792
../../references/reference_genomes/Xenopus_tropicalis_frog.fna : chr # 50  "NW_022279387.1" chrStart: 1450930176
../../references/reference_genomes/Xenopus_tropicalis_frog.fna : chr # 51  "NW_022279388.1" chrStart: 1450946560
../../references/reference_genomes/Xenopus_tropicalis_frog.fna : chr # 52  "NW_022279389.1" chrStart: 1450962944
../../references/reference_genomes/Xenopus_tropicalis_frog.fna : chr # 53  "NW_022279390.1" chrStart: 1450979328
../../references/reference_genomes/Xenopus_tropicalis_frog.fna : chr # 54  "NW_022279391.1" chrStart: 1450991616
../../references/reference_genomes/Xenopus_tropicalis_frog.fna : chr # 55  "NW_022279392.1" chrStart: 1451003904
../../references/reference_genomes/Xenopus_tropicalis_frog.fna : chr # 56  "NW_022279393.1" chrStart: 1451016192
../../references/reference_genomes/Xenopus_tropicalis_frog.fna : chr # 57  "NW_022279394.1" chrStart: 1451028480
../../references/reference_genomes/Xenopus_tropicalis_frog.fna : chr # 58  "NW_022279395.1" chrStart: 1451040768
../../references/reference_genomes/Xenopus_tropicalis_frog.fna : chr # 59  "NW_022279396.1" chrStart: 1451053056
../../references/reference_genomes/Xenopus_tropicalis_frog.fna : chr # 60  "NW_022279397.1" chrStart: 1451061248
../../references/reference_genomes/Xenopus_tropicalis_frog.fna : chr # 61  "NW_022279398.1" chrStart: 1451069440
../../references/reference_genomes/Xenopus_tropicalis_frog.fna : chr # 62  "NW_022279399.1" chrStart: 1451077632
../../references/reference_genomes/Xenopus_tropicalis_frog.fna : chr # 63  "NW_022279400.1" chrStart: 1451085824
../../references/reference_genomes/Xenopus_tropicalis_frog.fna : chr # 64  "NW_022279401.1" chrStart: 1451094016
../../references/reference_genomes/Xenopus_tropicalis_frog.fna : chr # 65  "NW_022279402.1" chrStart: 1451102208
../../references/reference_genomes/Xenopus_tropicalis_frog.fna : chr # 66  "NW_022279403.1" chrStart: 1451110400
../../references/reference_genomes/Xenopus_tropicalis_frog.fna : chr # 67  "NW_022279404.1" chrStart: 1451118592
../../references/reference_genomes/Xenopus_tropicalis_frog.fna : chr # 68  "NW_022279405.1" chrStart: 1451126784
../../references/reference_genomes/Xenopus_tropicalis_frog.fna : chr # 69  "NW_022279406.1" chrStart: 1451134976
../../references/reference_genomes/Xenopus_tropicalis_frog.fna : chr # 70  "NW_022279407.1" chrStart: 1451143168
../../references/reference_genomes/Xenopus_tropicalis_frog.fna : chr # 71  "NW_022279408.1" chrStart: 1451151360
../../references/reference_genomes/Xenopus_tropicalis_frog.fna : chr # 72  "NW_022279409.1" chrStart: 1451159552
../../references/reference_genomes/Xenopus_tropicalis_frog.fna : chr # 73  "NW_022279410.1" chrStart: 1451167744
../../references/reference_genomes/Xenopus_tropicalis_frog.fna : chr # 74  "NW_022279411.1" chrStart: 1451175936
../../references/reference_genomes/Xenopus_tropicalis_frog.fna : chr # 75  "NW_022279412.1" chrStart: 1451184128
../../references/reference_genomes/Xenopus_tropicalis_frog.fna : chr # 76  "NW_022279413.1" chrStart: 1451192320
../../references/reference_genomes/Xenopus_tropicalis_frog.fna : chr # 77  "NW_022279414.1" chrStart: 1451200512
../../references/reference_genomes/Xenopus_tropicalis_frog.fna : chr # 78  "NW_022279415.1" chrStart: 1451208704
../../references/reference_genomes/Xenopus_tropicalis_frog.fna : chr # 79  "NW_022279416.1" chrStart: 1451216896
../../references/reference_genomes/Xenopus_tropicalis_frog.fna : chr # 80  "NW_022279417.1" chrStart: 1451225088
../../references/reference_genomes/Xenopus_tropicalis_frog.fna : chr # 81  "NW_022279418.1" chrStart: 1451233280
../../references/reference_genomes/Xenopus_tropicalis_frog.fna : chr # 82  "NW_022279419.1" chrStart: 1451241472
../../references/reference_genomes/Xenopus_tropicalis_frog.fna : chr # 83  "NW_022279420.1" chrStart: 1451249664
../../references/reference_genomes/Xenopus_tropicalis_frog.fna : chr # 84  "NW_022279421.1" chrStart: 1451257856
../../references/reference_genomes/Xenopus_tropicalis_frog.fna : chr # 85  "NW_022279422.1" chrStart: 1451266048
../../references/reference_genomes/Xenopus_tropicalis_frog.fna : chr # 86  "NW_022279423.1" chrStart: 1451274240
../../references/reference_genomes/Xenopus_tropicalis_frog.fna : chr # 87  "NW_022279424.1" chrStart: 1451282432
../../references/reference_genomes/Xenopus_tropicalis_frog.fna : chr # 88  "NW_022279425.1" chrStart: 1451290624
../../references/reference_genomes/Xenopus_tropicalis_frog.fna : chr # 89  "NW_022279426.1" chrStart: 1451298816
../../references/reference_genomes/Xenopus_tropicalis_frog.fna : chr # 90  "NW_022279427.1" chrStart: 1451307008
../../references/reference_genomes/Xenopus_tropicalis_frog.fna : chr # 91  "NW_022279428.1" chrStart: 1451315200
../../references/reference_genomes/Xenopus_tropicalis_frog.fna : chr # 92  "NW_022279429.1" chrStart: 1451323392
../../references/reference_genomes/Xenopus_tropicalis_frog.fna : chr # 93  "NW_022279430.1" chrStart: 1451331584
../../references/reference_genomes/Xenopus_tropicalis_frog.fna : chr # 94  "NW_022279431.1" chrStart: 1451339776
../../references/reference_genomes/Xenopus_tropicalis_frog.fna : chr # 95  "NW_022279432.1" chrStart: 1451347968
../../references/reference_genomes/Xenopus_tropicalis_frog.fna : chr # 96  "NW_022279433.1" chrStart: 1451356160
../../references/reference_genomes/Xenopus_tropicalis_frog.fna : chr # 97  "NW_022279434.1" chrStart: 1451364352
../../references/reference_genomes/Xenopus_tropicalis_frog.fna : chr # 98  "NW_022279435.1" chrStart: 1451372544
../../references/reference_genomes/Xenopus_tropicalis_frog.fna : chr # 99  "NW_022279436.1" chrStart: 1451380736
../../references/reference_genomes/Xenopus_tropicalis_frog.fna : chr # 100  "NW_022279437.1" chrStart: 1451384832
../../references/reference_genomes/Xenopus_tropicalis_frog.fna : chr # 101  "NW_022279438.1" chrStart: 1451388928
../../references/reference_genomes/Xenopus_tropicalis_frog.fna : chr # 102  "NW_022279439.1" chrStart: 1451393024
../../references/reference_genomes/Xenopus_tropicalis_frog.fna : chr # 103  "NW_022279440.1" chrStart: 1451397120
../../references/reference_genomes/Xenopus_tropicalis_frog.fna : chr # 104  "NW_022279441.1" chrStart: 1451401216
../../references/reference_genomes/Xenopus_tropicalis_frog.fna : chr # 105  "NW_022279442.1" chrStart: 1451405312
../../references/reference_genomes/Xenopus_tropicalis_frog.fna : chr # 106  "NW_022279443.1" chrStart: 1451409408
../../references/reference_genomes/Xenopus_tropicalis_frog.fna : chr # 107  "NW_022279444.1" chrStart: 1451413504
../../references/reference_genomes/Xenopus_tropicalis_frog.fna : chr # 108  "NW_022279445.1" chrStart: 1451417600
../../references/reference_genomes/Xenopus_tropicalis_frog.fna : chr # 109  "NW_022279446.1" chrStart: 1451421696
../../references/reference_genomes/Xenopus_tropicalis_frog.fna : chr # 110  "NW_022279447.1" chrStart: 1451425792
../../references/reference_genomes/Xenopus_tropicalis_frog.fna : chr # 111  "NW_022279448.1" chrStart: 1451429888
../../references/reference_genomes/Xenopus_tropicalis_frog.fna : chr # 112  "NW_022279449.1" chrStart: 1451433984
../../references/reference_genomes/Xenopus_tropicalis_frog.fna : chr # 113  "NW_022279450.1" chrStart: 1451438080
../../references/reference_genomes/Xenopus_tropicalis_frog.fna : chr # 114  "NW_022279451.1" chrStart: 1451442176
../../references/reference_genomes/Xenopus_tropicalis_frog.fna : chr # 115  "NW_022279452.1" chrStart: 1451446272
../../references/reference_genomes/Xenopus_tropicalis_frog.fna : chr # 116  "NW_022279453.1" chrStart: 1451450368
../../references/reference_genomes/Xenopus_tropicalis_frog.fna : chr # 117  "NW_022279454.1" chrStart: 1451454464
../../references/reference_genomes/Xenopus_tropicalis_frog.fna : chr # 118  "NW_022279455.1" chrStart: 1451458560
../../references/reference_genomes/Xenopus_tropicalis_frog.fna : chr # 119  "NW_022279456.1" chrStart: 1451462656
../../references/reference_genomes/Xenopus_tropicalis_frog.fna : chr # 120  "NW_022279457.1" chrStart: 1451466752
../../references/reference_genomes/Xenopus_tropicalis_frog.fna : chr # 121  "NW_022279458.1" chrStart: 1451470848
../../references/reference_genomes/Xenopus_tropicalis_frog.fna : chr # 122  "NW_022279459.1" chrStart: 1451474944
../../references/reference_genomes/Xenopus_tropicalis_frog.fna : chr # 123  "NW_022279460.1" chrStart: 1451479040
../../references/reference_genomes/Xenopus_tropicalis_frog.fna : chr # 124  "NW_022279461.1" chrStart: 1451483136
../../references/reference_genomes/Xenopus_tropicalis_frog.fna : chr # 125  "NW_022279462.1" chrStart: 1451487232
../../references/reference_genomes/Xenopus_tropicalis_frog.fna : chr # 126  "NW_022279463.1" chrStart: 1451491328
../../references/reference_genomes/Xenopus_tropicalis_frog.fna : chr # 127  "NW_022279464.1" chrStart: 1451495424
../../references/reference_genomes/Xenopus_tropicalis_frog.fna : chr # 128  "NW_022279465.1" chrStart: 1451499520
../../references/reference_genomes/Xenopus_tropicalis_frog.fna : chr # 129  "NW_022279466.1" chrStart: 1451503616
../../references/reference_genomes/Xenopus_tropicalis_frog.fna : chr # 130  "NW_022279467.1" chrStart: 1451507712
../../references/reference_genomes/Xenopus_tropicalis_frog.fna : chr # 131  "NW_022279468.1" chrStart: 1451511808
../../references/reference_genomes/Xenopus_tropicalis_frog.fna : chr # 132  "NW_022279469.1" chrStart: 1451515904
../../references/reference_genomes/Xenopus_tropicalis_frog.fna : chr # 133  "NW_022279470.1" chrStart: 1451520000
../../references/reference_genomes/Xenopus_tropicalis_frog.fna : chr # 134  "NW_022279471.1" chrStart: 1451524096
../../references/reference_genomes/Xenopus_tropicalis_frog.fna : chr # 135  "NW_022279472.1" chrStart: 1451528192
../../references/reference_genomes/Xenopus_tropicalis_frog.fna : chr # 136  "NW_022279473.1" chrStart: 1451532288
../../references/reference_genomes/Xenopus_tropicalis_frog.fna : chr # 137  "NW_022279474.1" chrStart: 1451536384
../../references/reference_genomes/Xenopus_tropicalis_frog.fna : chr # 138  "NW_022279475.1" chrStart: 1451540480
../../references/reference_genomes/Xenopus_tropicalis_frog.fna : chr # 139  "NW_022279476.1" chrStart: 1451544576
../../references/reference_genomes/Xenopus_tropicalis_frog.fna : chr # 140  "NW_022279477.1" chrStart: 1451548672
../../references/reference_genomes/Xenopus_tropicalis_frog.fna : chr # 141  "NW_022279478.1" chrStart: 1451552768
../../references/reference_genomes/Xenopus_tropicalis_frog.fna : chr # 142  "NW_022279479.1" chrStart: 1451556864
../../references/reference_genomes/Xenopus_tropicalis_frog.fna : chr # 143  "NW_022279480.1" chrStart: 1451560960
../../references/reference_genomes/Xenopus_tropicalis_frog.fna : chr # 144  "NW_022279481.1" chrStart: 1451565056
../../references/reference_genomes/Xenopus_tropicalis_frog.fna : chr # 145  "NW_022279482.1" chrStart: 1451569152
../../references/reference_genomes/Xenopus_tropicalis_frog.fna : chr # 146  "NW_022279483.1" chrStart: 1451573248
../../references/reference_genomes/Xenopus_tropicalis_frog.fna : chr # 147  "NW_022279484.1" chrStart: 1451577344
../../references/reference_genomes/Xenopus_tropicalis_frog.fna : chr # 148  "NW_022279485.1" chrStart: 1451581440
../../references/reference_genomes/Xenopus_tropicalis_frog.fna : chr # 149  "NW_022279486.1" chrStart: 1451585536
../../references/reference_genomes/Xenopus_tropicalis_frog.fna : chr # 150  "NW_022279487.1" chrStart: 1451589632
../../references/reference_genomes/Xenopus_tropicalis_frog.fna : chr # 151  "NW_022279488.1" chrStart: 1451593728
../../references/reference_genomes/Xenopus_tropicalis_frog.fna : chr # 152  "NW_022279489.1" chrStart: 1451597824
../../references/reference_genomes/Xenopus_tropicalis_frog.fna : chr # 153  "NW_022279490.1" chrStart: 1451601920
../../references/reference_genomes/Xenopus_tropicalis_frog.fna : chr # 154  "NW_022279491.1" chrStart: 1451606016
../../references/reference_genomes/Xenopus_tropicalis_frog.fna : chr # 155  "NW_022279492.1" chrStart: 1451610112
../../references/reference_genomes/Xenopus_tropicalis_frog.fna : chr # 156  "NW_022279493.1" chrStart: 1451614208
../../references/reference_genomes/Xenopus_tropicalis_frog.fna : chr # 157  "NW_022279494.1" chrStart: 1451618304
../../references/reference_genomes/Xenopus_tropicalis_frog.fna : chr # 158  "NW_022279495.1" chrStart: 1451622400
../../references/reference_genomes/Xenopus_tropicalis_frog.fna : chr # 159  "NW_022279496.1" chrStart: 1451626496
../../references/reference_genomes/Xenopus_tropicalis_frog.fna : chr # 160  "NW_022279497.1" chrStart: 1451630592
../../references/reference_genomes/Xenopus_tropicalis_frog.fna : chr # 161  "NW_022279498.1" chrStart: 1451634688
../../references/reference_genomes/Xenopus_tropicalis_frog.fna : chr # 162  "NW_022279499.1" chrStart: 1451638784
../../references/reference_genomes/Xenopus_tropicalis_frog.fna : chr # 163  "NW_022279500.1" chrStart: 1451642880
../../references/reference_genomes/Xenopus_tropicalis_frog.fna : chr # 164  "NW_022279501.1" chrStart: 1451646976
../../references/reference_genomes/Xenopus_tropicalis_frog.fna : chr # 165  "NW_022279502.1" chrStart: 1451651072
../../references/reference_genomes/Xenopus_tropicalis_frog.fna : chr # 166  "NC_006839.1" chrStart: 1451655168
Estimated genome size=1650675648   1451675648   199000000
GstrandBit=32
Number of SA indices: 1448461978
Jul 27 17:27:36 ... starting to sort Suffix Array. This may take a long time...
Number of chunks: 6;   chunks size limit: 2317539160 bytes
Jul 27 17:27:40 ... sorting Suffix Array chunks and saving them to disk...
Writing 238048664 bytes into ../../results/expression/xenopus_mini/xenopus_star_index//SA_5 ; empty space on disk = 86249540681728 bytes ... done
Writing 2284425112 bytes into ../../results/expression/xenopus_mini/xenopus_star_index//SA_3 ; empty space on disk = 86249351544832 bytes ... done
Writing 2274214248 bytes into ../../results/expression/xenopus_mini/xenopus_star_index//SA_0 ; empty space on disk = 86247613792256 bytes ...Writing 2260041680 bytes into ../../results/expression/xenopus_mini/xenopus_star_index//SA_1 ; empty space on disk = 86247613792256 bytes ... done
 done
Writing 2248696568 bytes into ../../results/expression/xenopus_mini/xenopus_star_index//SA_4 ; empty space on disk = 86244132913152 bytes ... done
Writing 2282269552 bytes into ../../results/expression/xenopus_mini/xenopus_star_index//SA_2 ; empty space on disk = 86242398699520 bytes ... done
Jul 27 17:34:42 ... loading chunks from disk, packing SA...
Jul 27 17:35:01 ... finished generating suffix array
Jul 27 17:35:01 ... generating Suffix Array index
Jul 27 17:36:45 ... completed Suffix Array index
Jul 27 17:36:45 ..... processing annotations GTF
Processing pGe.sjdbGTFfile=../../results/expression/xenopus_from_pipeline.gtf, found:
		50 transcripts
		50 exons (non-collapsed)
		0 collapsed junctions
Jul 27 17:36:45 ..... finished GTF processing
Jul 27 17:36:45   Loaded database junctions from the GTF file: ../../results/expression/xenopus_from_pipeline.gtf: 0 total junctions

Jul 27 17:36:45   Finished preparing junctions
Jul 27 17:36:45 ..... finished inserting junctions into genome
Jul 27 17:36:45 ... writing Genome to disk ...
Writing 1451675648 bytes into ../../results/expression/xenopus_mini/xenopus_star_index//Genome ; empty space on disk = 86249534128128 bytes ... done
SA size in bytes: 5974905663
Jul 27 17:36:50 ... writing Suffix Array to disk ...
Writing 5974905663 bytes into ../../results/expression/xenopus_mini/xenopus_star_index//SA ; empty space on disk = 86248579399680 bytes ... done
Jul 27 17:37:05 ... writing SAindex to disk
Writing 8 bytes into ../../results/expression/xenopus_mini/xenopus_star_index//SAindex ; empty space on disk = 86242601467904 bytes ... done
Writing 120 bytes into ../../results/expression/xenopus_mini/xenopus_star_index//SAindex ; empty space on disk = 86242601467904 bytes ... done
Writing 1565873491 bytes into ../../results/expression/xenopus_mini/xenopus_star_index//SAindex ; empty space on disk = 86242601467904 bytes ... done
Jul 27 17:37:11 ..... finished successfully
DONE: Genome generation, EXITING
