RepeatModeler Version open-1.0.11
================================
Search Engine = ncbi
Random Number Seed: 1722362861
Database = ../../../../results/coordinate_analysis/repeat/references/flamingo .
  - Sequences = 90
  - Bases = 1246226932
Using output directory = /lab/wengpj01/amphibian-TAS2R/results/coordinate_analysis/repeat/mini_run/RM_2222964.TueJul301407422024


RepeatModeler Round # 1
========================
Searching for Repeats
 -- Sampling from the database...
   - Gathering up to 40000000 bp
   - Final Sample Size = 40204654 bp ( 40004038 non ambiguous )
   - Num Contigs Represented = 42
 -- Running RepeatScout on the sequences...
   - RepeatScout: Running build_lmer_table ( l = 14 )..
   - RepeatScout: Running RepeatScout..
NOTE: RepeatScout did not return any models.


RepeatModeler Round # 2
========================
Searching for Repeats
 -- Sampling from the database...
   - Gathering up to 3000000 bp
 -- Running TRFMask on the sequence...
       71 Tandem Repeats Masked
 -- Sample Stats:
       Sample Size 3000260 bp
       Num Contigs Represented = 23
       Non ambiguous bp:
             Initial: 3000247 bp
             After Masking: 2995340 bp
             Masked: 0.16 % 
 -- Input Database Coverage: 3000260 bp out of 1246226932 bp ( 0.24 % )
Sampling Time: 00:00:56 (hh:mm:ss) Elapsed Time
Running all-by-other comparisons...
        2% completed,  00:1:49 (hh:mm:ss) est. time remaining.
        5% completed,  00:1:47 (hh:mm:ss) est. time remaining.
        7% completed,  00:1:33 (hh:mm:ss) est. time remaining.
       10% completed,  00:1:34 (hh:mm:ss) est. time remaining.
       12% completed,  00:1:27 (hh:mm:ss) est. time remaining.
       15% completed,  00:1:27 (hh:mm:ss) est. time remaining.
       17% completed,  00:1:27 (hh:mm:ss) est. time remaining.
       20% completed,  00:1:26 (hh:mm:ss) est. time remaining.
       22% completed,  00:1:21 (hh:mm:ss) est. time remaining.
       25% completed,  00:1:20 (hh:mm:ss) est. time remaining.
       27% completed,  00:1:19 (hh:mm:ss) est. time remaining.
       29% completed,  00:1:16 (hh:mm:ss) est. time remaining.
       31% completed,  00:1:17 (hh:mm:ss) est. time remaining.
       34% completed,  00:1:13 (hh:mm:ss) est. time remaining.
       36% completed,  00:1:10 (hh:mm:ss) est. time remaining.
       38% completed,  00:1:09 (hh:mm:ss) est. time remaining.
       40% completed,  00:1:06 (hh:mm:ss) est. time remaining.
       42% completed,  00:1:04 (hh:mm:ss) est. time remaining.
       44% completed,  00:1:03 (hh:mm:ss) est. time remaining.
       46% completed,  00:1:02 (hh:mm:ss) est. time remaining.
       48% completed,  00:0:59 (hh:mm:ss) est. time remaining.
       50% completed,  00:0:58 (hh:mm:ss) est. time remaining.
       52% completed,  00:0:55 (hh:mm:ss) est. time remaining.
       54% completed,  00:0:53 (hh:mm:ss) est. time remaining.
       55% completed,  00:0:51 (hh:mm:ss) est. time remaining.
       57% completed,  00:0:49 (hh:mm:ss) est. time remaining.
       59% completed,  00:0:47 (hh:mm:ss) est. time remaining.
       61% completed,  00:0:45 (hh:mm:ss) est. time remaining.
       62% completed,  00:0:43 (hh:mm:ss) est. time remaining.
       64% completed,  00:0:41 (hh:mm:ss) est. time remaining.
       65% completed,  00:0:39 (hh:mm:ss) est. time remaining.
       67% completed,  00:0:38 (hh:mm:ss) est. time remaining.
       68% completed,  00:0:36 (hh:mm:ss) est. time remaining.
       70% completed,  00:0:35 (hh:mm:ss) est. time remaining.
       71% completed,  00:0:33 (hh:mm:ss) est. time remaining.
       73% completed,  00:0:31 (hh:mm:ss) est. time remaining.
       74% completed,  00:0:30 (hh:mm:ss) est. time remaining.
       76% completed,  00:0:28 (hh:mm:ss) est. time remaining.
       77% completed,  00:0:27 (hh:mm:ss) est. time remaining.
       78% completed,  00:0:25 (hh:mm:ss) est. time remaining.
       79% completed,  00:0:24 (hh:mm:ss) est. time remaining.
       80% completed,  00:0:23 (hh:mm:ss) est. time remaining.
       82% completed,  00:0:21 (hh:mm:ss) est. time remaining.
       83% completed,  00:0:20 (hh:mm:ss) est. time remaining.
       84% completed,  00:0:19 (hh:mm:ss) est. time remaining.
       85% completed,  00:0:17 (hh:mm:ss) est. time remaining.
       86% completed,  00:0:16 (hh:mm:ss) est. time remaining.
       87% completed,  00:0:15 (hh:mm:ss) est. time remaining.
       88% completed,  00:0:14 (hh:mm:ss) est. time remaining.
       89% completed,  00:0:13 (hh:mm:ss) est. time remaining.
       90% completed,  00:0:12 (hh:mm:ss) est. time remaining.
       90% completed,  00:0:11 (hh:mm:ss) est. time remaining.
       91% completed,  00:0:10 (hh:mm:ss) est. time remaining.
       92% completed,  00:0:09 (hh:mm:ss) est. time remaining.
       93% completed,  00:0:08 (hh:mm:ss) est. time remaining.
       93% completed,  00:0:07 (hh:mm:ss) est. time remaining.
       94% completed,  00:0:07 (hh:mm:ss) est. time remaining.
       95% completed,  00:0:06 (hh:mm:ss) est. time remaining.
       95% completed,  00:0:05 (hh:mm:ss) est. time remaining.
       96% completed,  00:0:04 (hh:mm:ss) est. time remaining.
       96% completed,  00:0:04 (hh:mm:ss) est. time remaining.
       97% completed,  00:0:03 (hh:mm:ss) est. time remaining.
       97% completed,  00:0:03 (hh:mm:ss) est. time remaining.
       98% completed,  00:0:02 (hh:mm:ss) est. time remaining.
       98% completed,  00:0:02 (hh:mm:ss) est. time remaining.
       98% completed,  00:0:01 (hh:mm:ss) est. time remaining.
       98% completed,  00:0:01 (hh:mm:ss) est. time remaining.
       99% completed,  00:0:01 (hh:mm:ss) est. time remaining.
       99% completed,  00:0:00 (hh:mm:ss) est. time remaining.
       99% completed,  00:0:00 (hh:mm:ss) est. time remaining.
       99% completed,  00:0:00 (hh:mm:ss) est. time remaining.
       99% completed,  00:0:00 (hh:mm:ss) est. time remaining.
       99% completed,  00:0:00 (hh:mm:ss) est. time remaining.
      100% completed,  00:0:00 (hh:mm:ss) est. time remaining.
Comparison Time: 00:02:18 (hh:mm:ss) Elapsed Time, 23987 HSPs Collected
  - RECON: Running imagespread..
RECON Elapsed: 00:00:00 (hh:mm:ss) Elapsed Time
  - RECON: Running initial definition of elements ( eledef )..
RECON Elapsed: 00:00:02 (hh:mm:ss) Elapsed Time
  - RECON: Running re-definition of elements ( eleredef )..
RECON Elapsed: 00:00:15 (hh:mm:ss) Elapsed Time
  - RECON: Running re-definition of edges ( edgeredef )..
RECON Elapsed: 00:00:17 (hh:mm:ss) Elapsed Time
  - RECON: Running family definition ( famdef )..
RECON Elapsed: 00:00:00 (hh:mm:ss) Elapsed Time
  - Obtaining element sequences
Number of families returned by RECON: 149
Processing families with greater than 15 elements

Processing RECON family: 4
  - Saving elements to a file...
    - 168 elements found.
Element Gathering: 00:00:00 (hh:mm:ss) Elapsed Time
Refining family-4 model...
  - numRounds = 8
  - Consensus Length = 2914 ( orig = 2911 )
  - Avg Kimura Divergence = 0.00
  - Unaligned sequences = 13 ( orig = 16 )
  Build Consensus: 0:0:50 Elapsed Time
Refinement: 00:00:51 (hh:mm:ss) Elapsed Time

Processing RECON family: 67
  - Saving elements to a file...
    - 88 elements found.
Element Gathering: 00:00:00 (hh:mm:ss) Elapsed Time
Refining family-67 model...
  - numRounds = 6
  - Consensus Length = 713 ( orig = 712 )
  - Avg Kimura Divergence = 0.00
  - Unaligned sequences = 3 ( orig = 10 )
  Build Consensus: 0:0:17 Elapsed Time
Refinement: 00:00:17 (hh:mm:ss) Elapsed Time

Processing RECON family: 3
  - Saving elements to a file...
    - 25 elements found.
Element Gathering: 00:00:00 (hh:mm:ss) Elapsed Time
Refining family-3 model...
  - numRounds = 6
  - Consensus Length = 6783 ( orig = 6835 )
  - Avg Kimura Divergence = 0.00
  - Unaligned sequences = 2 ( orig = 2 )
  Build Consensus: 0:0:10 Elapsed Time
Refinement: 00:00:10 (hh:mm:ss) Elapsed Time

Processing RECON family: 7
  - Saving elements to a file...
    - 21 elements found.
Element Gathering: 00:00:00 (hh:mm:ss) Elapsed Time
Refining family-7 model...
  - numRounds = 6
  - Consensus Length = 1139 ( orig = 1141 )
  - Avg Kimura Divergence = 0.01
  - Unaligned sequences = 2 ( orig = 2 )
  Build Consensus: 0:0:6 Elapsed Time
Refinement: 00:00:06 (hh:mm:ss) Elapsed Time
Family Refinement: 00:01:25 (hh:mm:ss) Elapsed Time
Round Time: 00:05:13 (hh:mm:ss) Elapsed Time


RepeatModeler Round # 3
========================
Searching for Repeats
 -- Sampling from the database...
   - Gathering up to 9000000 bp
 -- Running TRFMask on the sequence...
       328 Tandem Repeats Masked
 -- Masking repeats from the previous rounds...
  - Masking 1 - 5 of 226
  - Masking 16 - 30 of 226
  - Masking 41 - 65 of 226
  - Masking 76 - 110 of 226
  - Masking 121 - 165 of 226
  - Masking 176 - 226 of 226
 -- Sample Stats:
       Sample Size 9042026 bp
       Num Contigs Represented = 30
       Non ambiguous bp:
             Initial: 9028257 bp
             After Masking: 8548608 bp
             Masked: 5.31 % 
 -- Input Database Coverage: 12042286 bp out of 1246226932 bp ( 0.97 % )
Sampling Time: 00:02:49 (hh:mm:ss) Elapsed Time
Running all-by-other comparisons...
        0% completed,  00:9:20 (hh:mm:ss) est. time remaining.
        1% completed,  00:12:03 (hh:mm:ss) est. time remaining.
        2% completed,  00:11:39 (hh:mm:ss) est. time remaining.
        3% completed,  00:11:53 (hh:mm:ss) est. time remaining.
        4% completed,  00:11:37 (hh:mm:ss) est. time remaining.
        5% completed,  00:11:25 (hh:mm:ss) est. time remaining.
        6% completed,  00:11:31 (hh:mm:ss) est. time remaining.
        6% completed,  00:11:20 (hh:mm:ss) est. time remaining.
        7% completed,  00:11:11 (hh:mm:ss) est. time remaining.
        8% completed,  00:11:24 (hh:mm:ss) est. time remaining.
        9% completed,  00:11:14 (hh:mm:ss) est. time remaining.
       10% completed,  00:11:06 (hh:mm:ss) est. time remaining.
       11% completed,  00:10:58 (hh:mm:ss) est. time remaining.
       12% completed,  00:10:36 (hh:mm:ss) est. time remaining.
       12% completed,  00:10:30 (hh:mm:ss) est. time remaining.
       13% completed,  00:10:17 (hh:mm:ss) est. time remaining.
       14% completed,  00:10:06 (hh:mm:ss) est. time remaining.
       15% completed,  00:10:02 (hh:mm:ss) est. time remaining.
       16% completed,  00:9:52 (hh:mm:ss) est. time remaining.
       16% completed,  00:9:42 (hh:mm:ss) est. time remaining.
       17% completed,  00:9:34 (hh:mm:ss) est. time remaining.
       18% completed,  00:9:26 (hh:mm:ss) est. time remaining.
       19% completed,  00:9:22 (hh:mm:ss) est. time remaining.
       20% completed,  00:9:18 (hh:mm:ss) est. time remaining.
       20% completed,  00:9:14 (hh:mm:ss) est. time remaining.
       21% completed,  00:9:11 (hh:mm:ss) est. time remaining.
       22% completed,  00:9:03 (hh:mm:ss) est. time remaining.
       23% completed,  00:8:56 (hh:mm:ss) est. time remaining.
       24% completed,  00:8:50 (hh:mm:ss) est. time remaining.
       24% completed,  00:8:43 (hh:mm:ss) est. time remaining.
       25% completed,  00:8:37 (hh:mm:ss) est. time remaining.
       26% completed,  00:8:33 (hh:mm:ss) est. time remaining.
       27% completed,  00:8:27 (hh:mm:ss) est. time remaining.
       27% completed,  00:8:21 (hh:mm:ss) est. time remaining.
       28% completed,  00:8:15 (hh:mm:ss) est. time remaining.
       29% completed,  00:8:12 (hh:mm:ss) est. time remaining.
       30% completed,  00:8:07 (hh:mm:ss) est. time remaining.
       30% completed,  00:8:01 (hh:mm:ss) est. time remaining.
       31% completed,  00:7:54 (hh:mm:ss) est. time remaining.
       32% completed,  00:7:50 (hh:mm:ss) est. time remaining.
       33% completed,  00:7:43 (hh:mm:ss) est. time remaining.
       33% completed,  00:7:38 (hh:mm:ss) est. time remaining.
       34% completed,  00:7:33 (hh:mm:ss) est. time remaining.
       35% completed,  00:7:27 (hh:mm:ss) est. time remaining.
       35% completed,  00:7:22 (hh:mm:ss) est. time remaining.
       36% completed,  00:7:17 (hh:mm:ss) est. time remaining.
       37% completed,  00:7:12 (hh:mm:ss) est. time remaining.
       38% completed,  00:7:06 (hh:mm:ss) est. time remaining.
       38% completed,  00:7:03 (hh:mm:ss) est. time remaining.
       39% completed,  00:6:59 (hh:mm:ss) est. time remaining.
       40% completed,  00:6:54 (hh:mm:ss) est. time remaining.
       40% completed,  00:6:49 (hh:mm:ss) est. time remaining.
       41% completed,  00:6:43 (hh:mm:ss) est. time remaining.
       42% completed,  00:6:39 (hh:mm:ss) est. time remaining.
       42% completed,  00:6:33 (hh:mm:ss) est. time remaining.
       43% completed,  00:6:28 (hh:mm:ss) est. time remaining.
       44% completed,  00:6:24 (hh:mm:ss) est. time remaining.
       44% completed,  00:6:20 (hh:mm:ss) est. time remaining.
       45% completed,  00:6:15 (hh:mm:ss) est. time remaining.
       46% completed,  00:6:10 (hh:mm:ss) est. time remaining.
       46% completed,  00:6:05 (hh:mm:ss) est. time remaining.
       47% completed,  00:6:01 (hh:mm:ss) est. time remaining.
       48% completed,  00:5:56 (hh:mm:ss) est. time remaining.
       48% completed,  00:5:51 (hh:mm:ss) est. time remaining.
       49% completed,  00:5:47 (hh:mm:ss) est. time remaining.
       49% completed,  00:5:42 (hh:mm:ss) est. time remaining.
       50% completed,  00:5:38 (hh:mm:ss) est. time remaining.
       51% completed,  00:5:34 (hh:mm:ss) est. time remaining.
       51% completed,  00:5:30 (hh:mm:ss) est. time remaining.
       52% completed,  00:5:26 (hh:mm:ss) est. time remaining.
       53% completed,  00:5:22 (hh:mm:ss) est. time remaining.
       53% completed,  00:5:18 (hh:mm:ss) est. time remaining.
       54% completed,  00:5:14 (hh:mm:ss) est. time remaining.
       54% completed,  00:5:10 (hh:mm:ss) est. time remaining.
       55% completed,  00:5:06 (hh:mm:ss) est. time remaining.
       56% completed,  00:5:01 (hh:mm:ss) est. time remaining.
       56% completed,  00:4:57 (hh:mm:ss) est. time remaining.
       57% completed,  00:4:53 (hh:mm:ss) est. time remaining.
       57% completed,  00:4:49 (hh:mm:ss) est. time remaining.
       58% completed,  00:4:44 (hh:mm:ss) est. time remaining.
       58% completed,  00:4:40 (hh:mm:ss) est. time remaining.
       59% completed,  00:4:36 (hh:mm:ss) est. time remaining.
       60% completed,  00:4:33 (hh:mm:ss) est. time remaining.
       60% completed,  00:4:28 (hh:mm:ss) est. time remaining.
       61% completed,  00:4:25 (hh:mm:ss) est. time remaining.
       61% completed,  00:4:21 (hh:mm:ss) est. time remaining.
       62% completed,  00:4:18 (hh:mm:ss) est. time remaining.
       62% completed,  00:4:13 (hh:mm:ss) est. time remaining.
       63% completed,  00:4:10 (hh:mm:ss) est. time remaining.
       63% completed,  00:4:06 (hh:mm:ss) est. time remaining.
       64% completed,  00:4:02 (hh:mm:ss) est. time remaining.
       64% completed,  00:3:59 (hh:mm:ss) est. time remaining.
       65% completed,  00:3:55 (hh:mm:ss) est. time remaining.
       65% completed,  00:3:51 (hh:mm:ss) est. time remaining.
       66% completed,  00:3:48 (hh:mm:ss) est. time remaining.
       67% completed,  00:3:44 (hh:mm:ss) est. time remaining.
       67% completed,  00:3:41 (hh:mm:ss) est. time remaining.
       68% completed,  00:3:38 (hh:mm:ss) est. time remaining.
       68% completed,  00:3:35 (hh:mm:ss) est. time remaining.
       69% completed,  00:3:31 (hh:mm:ss) est. time remaining.
       69% completed,  00:3:28 (hh:mm:ss) est. time remaining.
       70% completed,  00:3:24 (hh:mm:ss) est. time remaining.
       70% completed,  00:3:21 (hh:mm:ss) est. time remaining.
       70% completed,  00:3:18 (hh:mm:ss) est. time remaining.
       71% completed,  00:3:15 (hh:mm:ss) est. time remaining.
       71% completed,  00:3:12 (hh:mm:ss) est. time remaining.
       72% completed,  00:3:08 (hh:mm:ss) est. time remaining.
       72% completed,  00:3:05 (hh:mm:ss) est. time remaining.
       73% completed,  00:3:02 (hh:mm:ss) est. time remaining.
       73% completed,  00:2:59 (hh:mm:ss) est. time remaining.
       74% completed,  00:2:56 (hh:mm:ss) est. time remaining.
       74% completed,  00:2:54 (hh:mm:ss) est. time remaining.
       75% completed,  00:2:50 (hh:mm:ss) est. time remaining.
       75% completed,  00:2:47 (hh:mm:ss) est. time remaining.
       75% completed,  00:2:45 (hh:mm:ss) est. time remaining.
       76% completed,  00:2:42 (hh:mm:ss) est. time remaining.
       76% completed,  00:2:39 (hh:mm:ss) est. time remaining.
       77% completed,  00:2:36 (hh:mm:ss) est. time remaining.
       77% completed,  00:2:33 (hh:mm:ss) est. time remaining.
       78% completed,  00:2:30 (hh:mm:ss) est. time remaining.
       78% completed,  00:2:27 (hh:mm:ss) est. time remaining.
       78% completed,  00:2:24 (hh:mm:ss) est. time remaining.
       79% completed,  00:2:22 (hh:mm:ss) est. time remaining.
       79% completed,  00:2:19 (hh:mm:ss) est. time remaining.
       80% completed,  00:2:16 (hh:mm:ss) est. time remaining.
       80% completed,  00:2:13 (hh:mm:ss) est. time remaining.
       80% completed,  00:2:11 (hh:mm:ss) est. time remaining.
       81% completed,  00:2:08 (hh:mm:ss) est. time remaining.
       81% completed,  00:2:05 (hh:mm:ss) est. time remaining.
       82% completed,  00:2:03 (hh:mm:ss) est. time remaining.
       82% completed,  00:2:00 (hh:mm:ss) est. time remaining.
       82% completed,  00:1:58 (hh:mm:ss) est. time remaining.
       83% completed,  00:1:55 (hh:mm:ss) est. time remaining.
       83% completed,  00:1:53 (hh:mm:ss) est. time remaining.
       83% completed,  00:1:51 (hh:mm:ss) est. time remaining.
       84% completed,  00:1:48 (hh:mm:ss) est. time remaining.
       84% completed,  00:1:46 (hh:mm:ss) est. time remaining.
       84% completed,  00:1:44 (hh:mm:ss) est. time remaining.
       85% completed,  00:1:41 (hh:mm:ss) est. time remaining.
       85% completed,  00:1:39 (hh:mm:ss) est. time remaining.
       85% completed,  00:1:37 (hh:mm:ss) est. time remaining.
       86% completed,  00:1:34 (hh:mm:ss) est. time remaining.
       86% completed,  00:1:32 (hh:mm:ss) est. time remaining.
       86% completed,  00:1:30 (hh:mm:ss) est. time remaining.
       87% completed,  00:1:28 (hh:mm:ss) est. time remaining.
       87% completed,  00:1:25 (hh:mm:ss) est. time remaining.
       87% completed,  00:1:23 (hh:mm:ss) est. time remaining.
       88% completed,  00:1:21 (hh:mm:ss) est. time remaining.
       88% completed,  00:1:19 (hh:mm:ss) est. time remaining.
       88% completed,  00:1:17 (hh:mm:ss) est. time remaining.
       89% completed,  00:1:15 (hh:mm:ss) est. time remaining.
       89% completed,  00:1:13 (hh:mm:ss) est. time remaining.
       89% completed,  00:1:11 (hh:mm:ss) est. time remaining.
       89% completed,  00:1:09 (hh:mm:ss) est. time remaining.
       90% completed,  00:1:07 (hh:mm:ss) est. time remaining.
       90% completed,  00:1:05 (hh:mm:ss) est. time remaining.
       90% completed,  00:1:03 (hh:mm:ss) est. time remaining.
       91% completed,  00:1:02 (hh:mm:ss) est. time remaining.
       91% completed,  00:1:00 (hh:mm:ss) est. time remaining.
       91% completed,  00:0:58 (hh:mm:ss) est. time remaining.
       91% completed,  00:0:56 (hh:mm:ss) est. time remaining.
       92% completed,  00:0:54 (hh:mm:ss) est. time remaining.
       92% completed,  00:0:53 (hh:mm:ss) est. time remaining.
       92% completed,  00:0:51 (hh:mm:ss) est. time remaining.
       92% completed,  00:0:50 (hh:mm:ss) est. time remaining.
       93% completed,  00:0:48 (hh:mm:ss) est. time remaining.
       93% completed,  00:0:46 (hh:mm:ss) est. time remaining.
       93% completed,  00:0:45 (hh:mm:ss) est. time remaining.
       93% completed,  00:0:43 (hh:mm:ss) est. time remaining.
       93% completed,  00:0:42 (hh:mm:ss) est. time remaining.
       94% completed,  00:0:40 (hh:mm:ss) est. time remaining.
       94% completed,  00:0:39 (hh:mm:ss) est. time remaining.
       94% completed,  00:0:37 (hh:mm:ss) est. time remaining.
       94% completed,  00:0:36 (hh:mm:ss) est. time remaining.
       94% completed,  00:0:35 (hh:mm:ss) est. time remaining.
       95% completed,  00:0:33 (hh:mm:ss) est. time remaining.
       95% completed,  00:0:32 (hh:mm:ss) est. time remaining.
       95% completed,  00:0:31 (hh:mm:ss) est. time remaining.
       95% completed,  00:0:29 (hh:mm:ss) est. time remaining.
       95% completed,  00:0:28 (hh:mm:ss) est. time remaining.
       96% completed,  00:0:27 (hh:mm:ss) est. time remaining.
       96% completed,  00:0:26 (hh:mm:ss) est. time remaining.
       96% completed,  00:0:24 (hh:mm:ss) est. time remaining.
       96% completed,  00:0:23 (hh:mm:ss) est. time remaining.
       96% completed,  00:0:22 (hh:mm:ss) est. time remaining.
       96% completed,  00:0:21 (hh:mm:ss) est. time remaining.
       97% completed,  00:0:20 (hh:mm:ss) est. time remaining.
       97% completed,  00:0:19 (hh:mm:ss) est. time remaining.
       97% completed,  00:0:18 (hh:mm:ss) est. time remaining.
       97% completed,  00:0:17 (hh:mm:ss) est. time remaining.
       97% completed,  00:0:16 (hh:mm:ss) est. time remaining.
       97% completed,  00:0:15 (hh:mm:ss) est. time remaining.
       97% completed,  00:0:14 (hh:mm:ss) est. time remaining.
       98% completed,  00:0:13 (hh:mm:ss) est. time remaining.
       98% completed,  00:0:12 (hh:mm:ss) est. time remaining.
       98% completed,  00:0:12 (hh:mm:ss) est. time remaining.
       98% completed,  00:0:11 (hh:mm:ss) est. time remaining.
       98% completed,  00:0:10 (hh:mm:ss) est. time remaining.
       98% completed,  00:0:09 (hh:mm:ss) est. time remaining.
       98% completed,  00:0:09 (hh:mm:ss) est. time remaining.
       98% completed,  00:0:08 (hh:mm:ss) est. time remaining.
       98% completed,  00:0:07 (hh:mm:ss) est. time remaining.
       99% completed,  00:0:07 (hh:mm:ss) est. time remaining.
       99% completed,  00:0:06 (hh:mm:ss) est. time remaining.
       99% completed,  00:0:05 (hh:mm:ss) est. time remaining.
       99% completed,  00:0:05 (hh:mm:ss) est. time remaining.
       99% completed,  00:0:04 (hh:mm:ss) est. time remaining.
       99% completed,  00:0:04 (hh:mm:ss) est. time remaining.
       99% completed,  00:0:03 (hh:mm:ss) est. time remaining.
       99% completed,  00:0:03 (hh:mm:ss) est. time remaining.
       99% completed,  00:0:02 (hh:mm:ss) est. time remaining.
       99% completed,  00:0:02 (hh:mm:ss) est. time remaining.
       99% completed,  00:0:02 (hh:mm:ss) est. time remaining.
       99% completed,  00:0:01 (hh:mm:ss) est. time remaining.
       99% completed,  00:0:01 (hh:mm:ss) est. time remaining.
       99% completed,  00:0:01 (hh:mm:ss) est. time remaining.
       99% completed,  00:0:01 (hh:mm:ss) est. time remaining.
       99% completed,  00:0:00 (hh:mm:ss) est. time remaining.
       99% completed,  00:0:00 (hh:mm:ss) est. time remaining.
       99% completed,  00:0:00 (hh:mm:ss) est. time remaining.
       99% completed,  00:0:00 (hh:mm:ss) est. time remaining.
       99% completed,  00:0:00 (hh:mm:ss) est. time remaining.
       99% completed,  00:0:00 (hh:mm:ss) est. time remaining.
       99% completed,  00:0:00 (hh:mm:ss) est. time remaining.
      100% completed,  00:0:00 (hh:mm:ss) est. time remaining.
Comparison Time: 00:12:03 (hh:mm:ss) Elapsed Time, 11948 HSPs Collected
  - RECON: Running imagespread..
RECON Elapsed: 00:00:00 (hh:mm:ss) Elapsed Time
  - RECON: Running initial definition of elements ( eledef )..
RECON Elapsed: 00:00:02 (hh:mm:ss) Elapsed Time
  - RECON: Running re-definition of elements ( eleredef )..
RECON Elapsed: 00:00:07 (hh:mm:ss) Elapsed Time
  - RECON: Running re-definition of edges ( edgeredef )..
RECON Elapsed: 00:00:24 (hh:mm:ss) Elapsed Time
  - RECON: Running family definition ( famdef )..
RECON Elapsed: 00:00:00 (hh:mm:ss) Elapsed Time
  - Obtaining element sequences
Number of families returned by RECON: 314
Processing families with greater than 15 elements

Processing RECON family: 1
  - Saving elements to a file...
    - 219 elements found.
Element Gathering: 00:00:00 (hh:mm:ss) Elapsed Time
Refining family-1 model...
  - numRounds = 8
  - Consensus Length = 2804 ( orig = 2803 )
  - Avg Kimura Divergence = 0.00
  - Unaligned sequences = 46 ( orig = 51 )
  Build Consensus: 0:0:55 Elapsed Time
Refinement: 00:00:55 (hh:mm:ss) Elapsed Time

Processing RECON family: 78
  - Saving elements to a file...
    - 70 elements found.
Element Gathering: 00:00:00 (hh:mm:ss) Elapsed Time
Refining family-78 model...
  - numRounds = 5
  - Consensus Length = 718 ( orig = 718 )
  - Avg Kimura Divergence = 0.00
  - Unaligned sequences = 16 ( orig = 21 )
  Build Consensus: 0:0:8 Elapsed Time
Refinement: 00:00:08 (hh:mm:ss) Elapsed Time

Processing RECON family: 6
  - Saving elements to a file...
    - 35 elements found.
Element Gathering: 00:00:00 (hh:mm:ss) Elapsed Time
Refining family-6 model...
  - numRounds = 4
  - Consensus Length = 151 ( orig = 151 )
  - Avg Kimura Divergence = 0.00
  - Unaligned sequences = 0 ( orig = 0 )
  Build Consensus: 0:0:2 Elapsed Time
Refinement: 00:00:03 (hh:mm:ss) Elapsed Time

Processing RECON family: 118
  - Saving elements to a file...
    - 18 elements found.
Element Gathering: 00:00:00 (hh:mm:ss) Elapsed Time
Refining family-118 model...
  - numRounds = 10
  - Consensus Length = 325 ( orig = 328 )
  - Avg Kimura Divergence = 0.02
  - Unaligned sequences = 0 ( orig = 3 )
  Build Consensus: 0:0:4 Elapsed Time
Refinement: 00:00:04 (hh:mm:ss) Elapsed Time
Family Refinement: 00:01:10 (hh:mm:ss) Elapsed Time
Round Time: 00:16:36 (hh:mm:ss) Elapsed Time


RepeatModeler Round # 4
========================
Searching for Repeats
 -- Sampling from the database...
   - Gathering up to 27000000 bp
 -- Running TRFMask on the sequence...
       1073 Tandem Repeats Masked
 -- Masking repeats from the previous rounds...
  - Masking 1 - 5 of 681
  - Masking 16 - 30 of 681
  - Masking 41 - 65 of 681
  - Masking 76 - 110 of 681
  - Masking 121 - 165 of 681
  - Masking 176 - 230 of 681
  - Masking 241 - 305 of 681
  - Masking 316 - 390 of 681
  - Masking 401 - 485 of 681
  - Masking 496 - 590 of 681
  - Masking 596 - 681 of 681
 -- Sample Stats:
       Sample Size 27202341 bp
       Num Contigs Represented = 40
       Non ambiguous bp:
             Initial: 27015507 bp
             After Masking: 25420386 bp
             Masked: 5.90 % 
 -- Input Database Coverage: 39244627 bp out of 1246226932 bp ( 3.15 % )
Sampling Time: 00:08:41 (hh:mm:ss) Elapsed Time
Running all-by-other comparisons...
        0% completed,  01:30:32 (hh:mm:ss) est. time remaining.
        0% completed,  01:27:30 (hh:mm:ss) est. time remaining.
        0% completed,  01:28:15 (hh:mm:ss) est. time remaining.
        1% completed,  01:27:07 (hh:mm:ss) est. time remaining.
        1% completed,  01:27:29 (hh:mm:ss) est. time remaining.
        1% completed,  01:27:40 (hh:mm:ss) est. time remaining.
        2% completed,  01:27:44 (hh:mm:ss) est. time remaining.
        2% completed,  01:28:26 (hh:mm:ss) est. time remaining.
        2% completed,  01:29:33 (hh:mm:ss) est. time remaining.
        2% completed,  01:29:17 (hh:mm:ss) est. time remaining.
        3% completed,  01:30:02 (hh:mm:ss) est. time remaining.
        3% completed,  01:30:38 (hh:mm:ss) est. time remaining.
        3% completed,  01:30:41 (hh:mm:ss) est. time remaining.
        4% completed,  01:30:41 (hh:mm:ss) est. time remaining.
        4% completed,  01:30:40 (hh:mm:ss) est. time remaining.
        4% completed,  01:30:37 (hh:mm:ss) est. time remaining.
        4% completed,  01:29:35 (hh:mm:ss) est. time remaining.
        5% completed,  01:28:57 (hh:mm:ss) est. time remaining.
        5% completed,  01:28:05 (hh:mm:ss) est. time remaining.
        5% completed,  01:27:33 (hh:mm:ss) est. time remaining.
        6% completed,  01:27:19 (hh:mm:ss) est. time remaining.
        6% completed,  01:27:05 (hh:mm:ss) est. time remaining.
        6% completed,  01:26:37 (hh:mm:ss) est. time remaining.
        6% completed,  01:27:04 (hh:mm:ss) est. time remaining.
        7% completed,  01:26:24 (hh:mm:ss) est. time remaining.
        7% completed,  01:25:09 (hh:mm:ss) est. time remaining.
        7% completed,  01:24:11 (hh:mm:ss) est. time remaining.
        8% completed,  01:23:50 (hh:mm:ss) est. time remaining.
        8% completed,  01:23:41 (hh:mm:ss) est. time remaining.
        8% completed,  01:23:32 (hh:mm:ss) est. time remaining.
        8% completed,  01:23:23 (hh:mm:ss) est. time remaining.
        9% completed,  01:23:03 (hh:mm:ss) est. time remaining.
        9% completed,  01:22:54 (hh:mm:ss) est. time remaining.
        9% completed,  01:22:36 (hh:mm:ss) est. time remaining.
       10% completed,  01:22:35 (hh:mm:ss) est. time remaining.
       10% completed,  01:20:41 (hh:mm:ss) est. time remaining.
       10% completed,  01:20:18 (hh:mm:ss) est. time remaining.
       10% completed,  01:20:11 (hh:mm:ss) est. time remaining.
       11% completed,  01:20:12 (hh:mm:ss) est. time remaining.
       11% completed,  01:19:50 (hh:mm:ss) est. time remaining.
       11% completed,  01:19:35 (hh:mm:ss) est. time remaining.
       11% completed,  01:19:21 (hh:mm:ss) est. time remaining.
       12% completed,  01:19:07 (hh:mm:ss) est. time remaining.
       12% completed,  01:18:46 (hh:mm:ss) est. time remaining.
       12% completed,  01:18:39 (hh:mm:ss) est. time remaining.
       13% completed,  01:18:25 (hh:mm:ss) est. time remaining.
       13% completed,  01:18:31 (hh:mm:ss) est. time remaining.
       13% completed,  01:18:10 (hh:mm:ss) est. time remaining.
       13% completed,  01:18:03 (hh:mm:ss) est. time remaining.
       14% completed,  01:17:49 (hh:mm:ss) est. time remaining.
       14% completed,  01:17:42 (hh:mm:ss) est. time remaining.
       14% completed,  01:17:34 (hh:mm:ss) est. time remaining.
       14% completed,  01:17:20 (hh:mm:ss) est. time remaining.
       15% completed,  01:17:06 (hh:mm:ss) est. time remaining.
       15% completed,  01:17:04 (hh:mm:ss) est. time remaining.
       15% completed,  01:16:45 (hh:mm:ss) est. time remaining.
       16% completed,  01:16:26 (hh:mm:ss) est. time remaining.
       16% completed,  01:16:23 (hh:mm:ss) est. time remaining.
       16% completed,  01:16:15 (hh:mm:ss) est. time remaining.
       16% completed,  01:16:07 (hh:mm:ss) est. time remaining.
       17% completed,  01:15:54 (hh:mm:ss) est. time remaining.
       17% completed,  01:15:45 (hh:mm:ss) est. time remaining.
       17% completed,  01:15:27 (hh:mm:ss) est. time remaining.
       17% completed,  01:15:05 (hh:mm:ss) est. time remaining.
       18% completed,  01:14:52 (hh:mm:ss) est. time remaining.
       18% completed,  01:14:39 (hh:mm:ss) est. time remaining.
       18% completed,  01:14:31 (hh:mm:ss) est. time remaining.
       18% completed,  01:14:31 (hh:mm:ss) est. time remaining.
       19% completed,  01:14:22 (hh:mm:ss) est. time remaining.
       19% completed,  01:14:10 (hh:mm:ss) est. time remaining.
       19% completed,  01:14:05 (hh:mm:ss) est. time remaining.
       20% completed,  01:13:48 (hh:mm:ss) est. time remaining.
       20% completed,  01:13:31 (hh:mm:ss) est. time remaining.
       20% completed,  01:13:19 (hh:mm:ss) est. time remaining.
       20% completed,  01:13:18 (hh:mm:ss) est. time remaining.
       21% completed,  01:13:35 (hh:mm:ss) est. time remaining.
       21% completed,  01:13:18 (hh:mm:ss) est. time remaining.
       21% completed,  01:12:36 (hh:mm:ss) est. time remaining.
       21% completed,  01:12:23 (hh:mm:ss) est. time remaining.
       22% completed,  01:12:08 (hh:mm:ss) est. time remaining.
       22% completed,  01:11:48 (hh:mm:ss) est. time remaining.
       22% completed,  01:11:09 (hh:mm:ss) est. time remaining.
       22% completed,  01:10:50 (hh:mm:ss) est. time remaining.
       23% completed,  01:10:39 (hh:mm:ss) est. time remaining.
       23% completed,  01:10:30 (hh:mm:ss) est. time remaining.
       23% completed,  01:10:16 (hh:mm:ss) est. time remaining.
       23% completed,  01:10:04 (hh:mm:ss) est. time remaining.
       24% completed,  01:9:52 (hh:mm:ss) est. time remaining.
       24% completed,  01:9:29 (hh:mm:ss) est. time remaining.
       24% completed,  01:9:02 (hh:mm:ss) est. time remaining.
       24% completed,  01:8:51 (hh:mm:ss) est. time remaining.
       25% completed,  01:8:40 (hh:mm:ss) est. time remaining.
       25% completed,  01:8:26 (hh:mm:ss) est. time remaining.
       25% completed,  01:8:15 (hh:mm:ss) est. time remaining.
       25% completed,  01:7:55 (hh:mm:ss) est. time remaining.
       26% completed,  01:7:45 (hh:mm:ss) est. time remaining.
       26% completed,  01:7:31 (hh:mm:ss) est. time remaining.
       26% completed,  01:7:17 (hh:mm:ss) est. time remaining.
       26% completed,  01:7:04 (hh:mm:ss) est. time remaining.
       27% completed,  01:6:48 (hh:mm:ss) est. time remaining.
       27% completed,  01:6:37 (hh:mm:ss) est. time remaining.
       27% completed,  01:6:27 (hh:mm:ss) est. time remaining.
       27% completed,  01:6:14 (hh:mm:ss) est. time remaining.
       28% completed,  01:6:03 (hh:mm:ss) est. time remaining.
       28% completed,  01:5:47 (hh:mm:ss) est. time remaining.
       28% completed,  01:5:37 (hh:mm:ss) est. time remaining.
       28% completed,  01:5:26 (hh:mm:ss) est. time remaining.
       29% completed,  01:5:13 (hh:mm:ss) est. time remaining.
       29% completed,  01:5:03 (hh:mm:ss) est. time remaining.
       29% completed,  01:4:38 (hh:mm:ss) est. time remaining.
       29% completed,  01:4:28 (hh:mm:ss) est. time remaining.
       30% completed,  01:4:15 (hh:mm:ss) est. time remaining.
       30% completed,  01:4:01 (hh:mm:ss) est. time remaining.
       30% completed,  01:3:48 (hh:mm:ss) est. time remaining.
       30% completed,  01:3:36 (hh:mm:ss) est. time remaining.
       31% completed,  01:3:26 (hh:mm:ss) est. time remaining.
       31% completed,  01:3:16 (hh:mm:ss) est. time remaining.
       31% completed,  01:3:05 (hh:mm:ss) est. time remaining.
       31% completed,  01:2:55 (hh:mm:ss) est. time remaining.
       32% completed,  01:2:43 (hh:mm:ss) est. time remaining.
       32% completed,  01:2:31 (hh:mm:ss) est. time remaining.
       32% completed,  01:2:21 (hh:mm:ss) est. time remaining.
       32% completed,  01:2:07 (hh:mm:ss) est. time remaining.
       33% completed,  01:1:48 (hh:mm:ss) est. time remaining.
       33% completed,  01:1:34 (hh:mm:ss) est. time remaining.
       33% completed,  01:1:21 (hh:mm:ss) est. time remaining.
       33% completed,  01:1:05 (hh:mm:ss) est. time remaining.
       34% completed,  01:0:53 (hh:mm:ss) est. time remaining.
       34% completed,  01:0:38 (hh:mm:ss) est. time remaining.
       34% completed,  01:0:22 (hh:mm:ss) est. time remaining.
       34% completed,  01:0:07 (hh:mm:ss) est. time remaining.
       35% completed,  00:59:55 (hh:mm:ss) est. time remaining.
       35% completed,  00:59:38 (hh:mm:ss) est. time remaining.
       35% completed,  00:59:23 (hh:mm:ss) est. time remaining.
       35% completed,  00:59:07 (hh:mm:ss) est. time remaining.
       35% completed,  00:58:50 (hh:mm:ss) est. time remaining.
       36% completed,  00:58:37 (hh:mm:ss) est. time remaining.
       36% completed,  00:58:23 (hh:mm:ss) est. time remaining.
       36% completed,  00:58:08 (hh:mm:ss) est. time remaining.
       36% completed,  00:57:54 (hh:mm:ss) est. time remaining.
       37% completed,  00:57:40 (hh:mm:ss) est. time remaining.
